2026-07-12 10:44:53,889 INFO o.a.j.u.JMeterUtils: Setting Locale to zh_CN
2026-07-12 10:44:53,911 INFO o.a.j.JMeter: Loading user properties from: D:\apache-jmeter-5.6.3\bin\user.properties
2026-07-12 10:44:53,911 INFO o.a.j.JMeter: Loading system properties from: D:\apache-jmeter-5.6.3\bin\system.properties
2026-07-12 10:44:53,919 INFO o.a.j.JMeter: Copyright (c) 1998-2024 The Apache Software Foundation
2026-07-12 10:44:53,919 INFO o.a.j.JMeter: Version 5.6.3
2026-07-12 10:44:53,919 INFO o.a.j.JMeter: java.version=17.0.12
2026-07-12 10:44:53,919 INFO o.a.j.JMeter: java.vm.name=Java HotSpot(TM) 64-Bit Server VM
2026-07-12 10:44:53,921 INFO o.a.j.JMeter: os.name=Windows 11
2026-07-12 10:44:53,921 INFO o.a.j.JMeter: os.arch=amd64
2026-07-12 10:44:53,921 INFO o.a.j.JMeter: os.version=10.0
2026-07-12 10:44:53,921 INFO o.a.j.JMeter: file.encoding=GBK
2026-07-12 10:44:53,921 INFO o.a.j.JMeter: java.awt.headless=null
2026-07-12 10:44:53,921 INFO o.a.j.JMeter: Max memory     =1073741824
2026-07-12 10:44:53,921 INFO o.a.j.JMeter: Available Processors =16
2026-07-12 10:44:53,927 INFO o.a.j.JMeter: Default Locale=English (EN)
2026-07-12 10:44:53,930 INFO o.a.j.JMeter: JMeter  Locale=Chinese (China)
2026-07-12 10:44:53,930 INFO o.a.j.JMeter: JMeterHome=D:\apache-jmeter-5.6.3
2026-07-12 10:44:53,930 INFO o.a.j.JMeter: user.dir  =C:\Users\ydn26\Desktop\python_test\newbee_mall_api_test
2026-07-12 10:44:53,930 INFO o.a.j.JMeter: PWD       =C:\Users\ydn26\Desktop\python_test\newbee_mall_api_test
2026-07-12 10:44:53,933 INFO o.a.j.JMeter: IP: 10.63.117.120 Name: DESKTOP-JLK10SR FullName: DESKTOP-JLK10SR
2026-07-12 10:44:53,948 INFO o.a.j.JMeter: Loaded icon properties from org/apache/jmeter/images/icon.properties
2026-07-12 10:44:54,155 INFO o.a.j.JMeterGuiLauncher: Setting LAF to: com.github.weisj.darklaf.DarkLaf:com.github.weisj.darklaf.theme.DarculaTheme
2026-07-12 10:44:55,241 INFO o.a.j.r.ClassFinder: Will scan jar D:\apache-jmeter-5.6.3\lib\ext\jmeter-plugins-cmn-jmeter-0.4.jar with filter ExtendsClassFilter [parents=[interface org.apache.jmeter.gui.action.Command], inner=false, contains=null, notContains=null]. Consider exposing JMeter plugins via META-INF/services, and add JMeter-Skip-Class-Scanning=true manifest attribute so JMeter can skip classfile scanning
2026-07-12 10:44:55,256 INFO o.a.j.r.ClassFinder: Will scan jar D:\apache-jmeter-5.6.3\lib\ext\jmeter-plugins-graphs-basic-2.0.jar with filter ExtendsClassFilter [parents=[interface org.apache.jmeter.gui.action.Command], inner=false, contains=null, notContains=null]. Consider exposing JMeter plugins via META-INF/services, and add JMeter-Skip-Class-Scanning=true manifest attribute so JMeter can skip classfile scanning
2026-07-12 10:44:55,259 INFO o.a.j.r.ClassFinder: Will scan jar D:\apache-jmeter-5.6.3\lib\ext\jmeter-plugins-casutg-3.1.1.jar with filter ExtendsClassFilter [parents=[interface org.apache.jmeter.gui.action.Command], inner=false, contains=null, notContains=null]. Consider exposing JMeter plugins via META-INF/services, and add JMeter-Skip-Class-Scanning=true manifest attribute so JMeter can skip classfile scanning
2026-07-12 10:44:55,268 INFO o.a.j.r.ClassFinder: Will scan jar D:\apache-jmeter-5.6.3\lib\ext\jmeter-plugins-perfmon-2.1.jar with filter ExtendsClassFilter [parents=[interface org.apache.jmeter.gui.action.Command], inner=false, contains=null, notContains=null]. Consider exposing JMeter plugins via META-INF/services, and add JMeter-Skip-Class-Scanning=true manifest attribute so JMeter can skip classfile scanning
2026-07-12 10:44:55,271 INFO o.a.j.r.ClassFinder: Will scan jar D:\apache-jmeter-5.6.3\lib\ext\jmeter-plugins-manager-1.10.jar with filter ExtendsClassFilter [parents=[interface org.apache.jmeter.gui.action.Command], inner=false, contains=null, notContains=null]. Consider exposing JMeter plugins via META-INF/services, and add JMeter-Skip-Class-Scanning=true manifest attribute so JMeter can skip classfile scanning
2026-07-12 10:44:55,354 INFO o.a.j.r.ClassFinder: Will scan jar D:\apache-jmeter-5.6.3\lib\ext\jmeter-plugins-cmn-jmeter-0.7.jar with filter ExtendsClassFilter [parents=[interface org.apache.jmeter.gui.action.Command], inner=false, contains=null, notContains=null]. Consider exposing JMeter plugins via META-INF/services, and add JMeter-Skip-Class-Scanning=true manifest attribute so JMeter can skip classfile scanning
2026-07-12 10:44:55,358 INFO o.a.j.r.ClassFinder: Will scan jar D:\apache-jmeter-5.6.3\lib\ext\jmeter-plugins-manager-0.20.jar with filter ExtendsClassFilter [parents=[interface org.apache.jmeter.gui.action.Command], inner=false, contains=null, notContains=null]. Consider exposing JMeter plugins via META-INF/services, and add JMeter-Skip-Class-Scanning=true manifest attribute so JMeter can skip classfile scanning
2026-07-12 10:44:55,362 INFO o.a.j.r.ClassFinder: Will scan jar D:\apache-jmeter-5.6.3\lib\ext\jmeter-plugins-manager-1.12.jar with filter ExtendsClassFilter [parents=[interface org.apache.jmeter.gui.action.Command], inner=false, contains=null, notContains=null]. Consider exposing JMeter plugins via META-INF/services, and add JMeter-Skip-Class-Scanning=true manifest attribute so JMeter can skip classfile scanning
2026-07-12 10:44:55,365 INFO o.a.j.r.ClassFinder: Will scan jar D:\apache-jmeter-5.6.3\lib\ext\jmeter-parallel-0.12.jar with filter ExtendsClassFilter [parents=[interface org.apache.jmeter.gui.action.Command], inner=false, contains=null, notContains=null]. Consider exposing JMeter plugins via META-INF/services, and add JMeter-Skip-Class-Scanning=true manifest attribute so JMeter can skip classfile scanning
2026-07-12 10:44:55,435 INFO o.a.j.r.ClassFinder: Will scan jar D:\apache-jmeter-5.6.3\lib\ext\jmeter-plugins-cmn-jmeter-0.4.jar with filter ExtendsClassFilter [parents=[interface org.apache.jmeter.gui.plugin.MenuCreator], inner=false, contains=null, notContains=null]. Consider exposing JMeter plugins via META-INF/services, and add JMeter-Skip-Class-Scanning=true manifest attribute so JMeter can skip classfile scanning
2026-07-12 10:44:55,438 INFO o.a.j.r.ClassFinder: Will scan jar D:\apache-jmeter-5.6.3\lib\ext\jmeter-plugins-graphs-basic-2.0.jar with filter ExtendsClassFilter [parents=[interface org.apache.jmeter.gui.plugin.MenuCreator], inner=false, contains=null, notContains=null]. Consider exposing JMeter plugins via META-INF/services, and add JMeter-Skip-Class-Scanning=true manifest attribute so JMeter can skip classfile scanning
2026-07-12 10:44:55,438 INFO o.a.j.r.ClassFinder: Will scan jar D:\apache-jmeter-5.6.3\lib\ext\jmeter-plugins-casutg-3.1.1.jar with filter ExtendsClassFilter [parents=[interface org.apache.jmeter.gui.plugin.MenuCreator], inner=false, contains=null, notContains=null]. Consider exposing JMeter plugins via META-INF/services, and add JMeter-Skip-Class-Scanning=true manifest attribute so JMeter can skip classfile scanning
2026-07-12 10:44:55,438 INFO o.a.j.r.ClassFinder: Will scan jar D:\apache-jmeter-5.6.3\lib\ext\jmeter-plugins-perfmon-2.1.jar with filter ExtendsClassFilter [parents=[interface org.apache.jmeter.gui.plugin.MenuCreator], inner=false, contains=null, notContains=null]. Consider exposing JMeter plugins via META-INF/services, and add JMeter-Skip-Class-Scanning=true manifest attribute so JMeter can skip classfile scanning
2026-07-12 10:44:55,438 INFO o.a.j.r.ClassFinder: Will scan jar D:\apache-jmeter-5.6.3\lib\ext\jmeter-plugins-manager-1.10.jar with filter ExtendsClassFilter [parents=[interface org.apache.jmeter.gui.plugin.MenuCreator], inner=false, contains=null, notContains=null]. Consider exposing JMeter plugins via META-INF/services, and add JMeter-Skip-Class-Scanning=true manifest attribute so JMeter can skip classfile scanning
2026-07-12 10:44:55,441 INFO o.a.j.r.ClassFinder: Will scan jar D:\apache-jmeter-5.6.3\lib\ext\jmeter-plugins-cmn-jmeter-0.7.jar with filter ExtendsClassFilter [parents=[interface org.apache.jmeter.gui.plugin.MenuCreator], inner=false, contains=null, notContains=null]. Consider exposing JMeter plugins via META-INF/services, and add JMeter-Skip-Class-Scanning=true manifest attribute so JMeter can skip classfile scanning
2026-07-12 10:44:55,442 INFO o.a.j.r.ClassFinder: Will scan jar D:\apache-jmeter-5.6.3\lib\ext\jmeter-plugins-manager-0.20.jar with filter ExtendsClassFilter [parents=[interface org.apache.jmeter.gui.plugin.MenuCreator], inner=false, contains=null, notContains=null]. Consider exposing JMeter plugins via META-INF/services, and add JMeter-Skip-Class-Scanning=true manifest attribute so JMeter can skip classfile scanning
2026-07-12 10:44:55,442 INFO o.a.j.r.ClassFinder: Will scan jar D:\apache-jmeter-5.6.3\lib\ext\jmeter-plugins-manager-1.12.jar with filter ExtendsClassFilter [parents=[interface org.apache.jmeter.gui.plugin.MenuCreator], inner=false, contains=null, notContains=null]. Consider exposing JMeter plugins via META-INF/services, and add JMeter-Skip-Class-Scanning=true manifest attribute so JMeter can skip classfile scanning
2026-07-12 10:44:55,446 INFO o.a.j.r.ClassFinder: Will scan jar D:\apache-jmeter-5.6.3\lib\ext\jmeter-parallel-0.12.jar with filter ExtendsClassFilter [parents=[interface org.apache.jmeter.gui.plugin.MenuCreator], inner=false, contains=null, notContains=null]. Consider exposing JMeter plugins via META-INF/services, and add JMeter-Skip-Class-Scanning=true manifest attribute so JMeter can skip classfile scanning
2026-07-12 10:44:55,502 WARN o.j.r.PluginManager: Found JAR conflict: D:\apache-jmeter-5.6.3\lib\ext\jmeter-plugins-cmn-jmeter-0.4.jar and D:\apache-jmeter-5.6.3\lib\jmeter-plugins-cmn-jmeter-0.7.jar
2026-07-12 10:44:55,502 WARN o.j.r.PluginManager: Found JAR conflict: D:\apache-jmeter-5.6.3\lib\ext\jmeter-plugins-cmn-jmeter-0.7.jar and D:\apache-jmeter-5.6.3\lib\ext\jmeter-plugins-cmn-jmeter-0.4.jar
2026-07-12 10:44:55,502 WARN o.j.r.PluginManager: Found JAR conflict: D:\apache-jmeter-5.6.3\lib\ext\jmeter-plugins-manager-1.10.jar and D:\apache-jmeter-5.6.3\lib\ext\jmeter-plugins-manager-0.20.jar
2026-07-12 10:44:55,502 WARN o.j.r.PluginManager: Found JAR conflict: D:\apache-jmeter-5.6.3\lib\ext\jmeter-plugins-manager-1.12.jar and D:\apache-jmeter-5.6.3\lib\ext\jmeter-plugins-manager-1.10.jar
2026-07-12 10:44:57,296 INFO o.a.j.p.h.s.HTTPSamplerBase: Parser for text/html is org.apache.jmeter.protocol.http.parser.LagartoBasedHtmlParser
2026-07-12 10:44:57,296 INFO o.a.j.p.h.s.HTTPSamplerBase: Parser for application/xhtml+xml is org.apache.jmeter.protocol.http.parser.LagartoBasedHtmlParser
2026-07-12 10:44:57,296 INFO o.a.j.p.h.s.HTTPSamplerBase: Parser for application/xml is org.apache.jmeter.protocol.http.parser.LagartoBasedHtmlParser
2026-07-12 10:44:57,296 INFO o.a.j.p.h.s.HTTPSamplerBase: Parser for text/xml is org.apache.jmeter.protocol.http.parser.LagartoBasedHtmlParser
2026-07-12 10:44:57,297 INFO o.a.j.p.h.s.HTTPSamplerBase: Parser for text/vnd.wap.wml is org.apache.jmeter.protocol.http.parser.RegexpHTMLParser
2026-07-12 10:44:57,297 INFO o.a.j.p.h.s.HTTPSamplerBase: Parser for text/css is org.apache.jmeter.protocol.http.parser.CssParser
2026-07-12 10:44:58,312 INFO o.j.r.PluginManager: Plugins Status: [jpgc-graphs-basic=2.0, jpgc-casutg=3.1.1, bzm-parallel=0.12, jpgc-perfmon=2.1, jpgc-plugins-manager=0.20, jmeter-core=5.6.3, jmeter-ftp=5.6.3, jmeter-http=5.6.3, jmeter-jdbc=5.6.3, jmeter-jms=5.6.3, jmeter-junit=5.6.3, jmeter-java=5.6.3, jmeter-ldap=5.6.3, jmeter-mail=5.6.3, jmeter-mongodb=5.6.3, jmeter-native=5.6.3, jmeter-tcp=5.6.3, jmeter-components=5.6.3]
2026-07-12 10:44:58,312 INFO o.j.r.PluginManagerMenuItem: Plugins Manager has upgrades: [jpgc-plugins-manager]
2026-07-12 10:51:46,208 INFO o.a.j.s.SampleResult: Note: Sample TimeStamps are START times
2026-07-12 10:51:46,208 INFO o.a.j.s.SampleResult: sampleresult.default.encoding is set to UTF-8
2026-07-12 10:51:46,208 INFO o.a.j.s.SampleResult: sampleresult.useNanoTime=true
2026-07-12 10:51:46,208 INFO o.a.j.s.SampleResult: sampleresult.nanoThreadSleep=5000
2026-07-12 10:51:46,304 INFO o.a.j.r.ClassFinder: Will scan jar D:\apache-jmeter-5.6.3\lib\ext\jmeter-plugins-cmn-jmeter-0.4.jar with filter ExtendsClassFilter [parents=[interface org.apache.jmeter.visualizers.ResultRenderer], inner=false, contains=null, notContains=null]. Consider exposing JMeter plugins via META-INF/services, and add JMeter-Skip-Class-Scanning=true manifest attribute so JMeter can skip classfile scanning
2026-07-12 10:51:46,305 INFO o.a.j.r.ClassFinder: Will scan jar D:\apache-jmeter-5.6.3\lib\ext\jmeter-plugins-graphs-basic-2.0.jar with filter ExtendsClassFilter [parents=[interface org.apache.jmeter.visualizers.ResultRenderer], inner=false, contains=null, notContains=null]. Consider exposing JMeter plugins via META-INF/services, and add JMeter-Skip-Class-Scanning=true manifest attribute so JMeter can skip classfile scanning
2026-07-12 10:51:46,306 INFO o.a.j.r.ClassFinder: Will scan jar D:\apache-jmeter-5.6.3\lib\ext\jmeter-plugins-casutg-3.1.1.jar with filter ExtendsClassFilter [parents=[interface org.apache.jmeter.visualizers.ResultRenderer], inner=false, contains=null, notContains=null]. Consider exposing JMeter plugins via META-INF/services, and add JMeter-Skip-Class-Scanning=true manifest attribute so JMeter can skip classfile scanning
2026-07-12 10:51:46,307 INFO o.a.j.r.ClassFinder: Will scan jar D:\apache-jmeter-5.6.3\lib\ext\jmeter-plugins-perfmon-2.1.jar with filter ExtendsClassFilter [parents=[interface org.apache.jmeter.visualizers.ResultRenderer], inner=false, contains=null, notContains=null]. Consider exposing JMeter plugins via META-INF/services, and add JMeter-Skip-Class-Scanning=true manifest attribute so JMeter can skip classfile scanning
2026-07-12 10:51:46,307 INFO o.a.j.r.ClassFinder: Will scan jar D:\apache-jmeter-5.6.3\lib\ext\jmeter-plugins-manager-1.10.jar with filter ExtendsClassFilter [parents=[interface org.apache.jmeter.visualizers.ResultRenderer], inner=false, contains=null, notContains=null]. Consider exposing JMeter plugins via META-INF/services, and add JMeter-Skip-Class-Scanning=true manifest attribute so JMeter can skip classfile scanning
2026-07-12 10:51:46,309 INFO o.a.j.r.ClassFinder: Will scan jar D:\apache-jmeter-5.6.3\lib\ext\jmeter-plugins-cmn-jmeter-0.7.jar with filter ExtendsClassFilter [parents=[interface org.apache.jmeter.visualizers.ResultRenderer], inner=false, contains=null, notContains=null]. Consider exposing JMeter plugins via META-INF/services, and add JMeter-Skip-Class-Scanning=true manifest attribute so JMeter can skip classfile scanning
2026-07-12 10:51:46,310 INFO o.a.j.r.ClassFinder: Will scan jar D:\apache-jmeter-5.6.3\lib\ext\jmeter-plugins-manager-0.20.jar with filter ExtendsClassFilter [parents=[interface org.apache.jmeter.visualizers.ResultRenderer], inner=false, contains=null, notContains=null]. Consider exposing JMeter plugins via META-INF/services, and add JMeter-Skip-Class-Scanning=true manifest attribute so JMeter can skip classfile scanning
2026-07-12 10:51:46,311 INFO o.a.j.r.ClassFinder: Will scan jar D:\apache-jmeter-5.6.3\lib\ext\jmeter-plugins-manager-1.12.jar with filter ExtendsClassFilter [parents=[interface org.apache.jmeter.visualizers.ResultRenderer], inner=false, contains=null, notContains=null]. Consider exposing JMeter plugins via META-INF/services, and add JMeter-Skip-Class-Scanning=true manifest attribute so JMeter can skip classfile scanning
2026-07-12 10:51:46,313 INFO o.a.j.r.ClassFinder: Will scan jar D:\apache-jmeter-5.6.3\lib\ext\jmeter-parallel-0.12.jar with filter ExtendsClassFilter [parents=[interface org.apache.jmeter.visualizers.ResultRenderer], inner=false, contains=null, notContains=null]. Consider exposing JMeter plugins via META-INF/services, and add JMeter-Skip-Class-Scanning=true manifest attribute so JMeter can skip classfile scanning
2026-07-12 10:51:46,328 INFO o.a.j.r.ClassFinder: Will scan jar D:\apache-jmeter-5.6.3\lib\ext\jmeter-plugins-cmn-jmeter-0.4.jar with filter ExtendsClassFilter [parents=[interface org.apache.jmeter.visualizers.RequestView], inner=false, contains=null, notContains=null]. Consider exposing JMeter plugins via META-INF/services, and add JMeter-Skip-Class-Scanning=true manifest attribute so JMeter can skip classfile scanning
2026-07-12 10:51:46,330 INFO o.a.j.r.ClassFinder: Will scan jar D:\apache-jmeter-5.6.3\lib\ext\jmeter-plugins-graphs-basic-2.0.jar with filter ExtendsClassFilter [parents=[interface org.apache.jmeter.visualizers.RequestView], inner=false, contains=null, notContains=null]. Consider exposing JMeter plugins via META-INF/services, and add JMeter-Skip-Class-Scanning=true manifest attribute so JMeter can skip classfile scanning
2026-07-12 10:51:46,330 INFO o.a.j.r.ClassFinder: Will scan jar D:\apache-jmeter-5.6.3\lib\ext\jmeter-plugins-casutg-3.1.1.jar with filter ExtendsClassFilter [parents=[interface org.apache.jmeter.visualizers.RequestView], inner=false, contains=null, notContains=null]. Consider exposing JMeter plugins via META-INF/services, and add JMeter-Skip-Class-Scanning=true manifest attribute so JMeter can skip classfile scanning
2026-07-12 10:51:46,331 INFO o.a.j.r.ClassFinder: Will scan jar D:\apache-jmeter-5.6.3\lib\ext\jmeter-plugins-perfmon-2.1.jar with filter ExtendsClassFilter [parents=[interface org.apache.jmeter.visualizers.RequestView], inner=false, contains=null, notContains=null]. Consider exposing JMeter plugins via META-INF/services, and add JMeter-Skip-Class-Scanning=true manifest attribute so JMeter can skip classfile scanning
2026-07-12 10:51:46,332 INFO o.a.j.r.ClassFinder: Will scan jar D:\apache-jmeter-5.6.3\lib\ext\jmeter-plugins-manager-1.10.jar with filter ExtendsClassFilter [parents=[interface org.apache.jmeter.visualizers.RequestView], inner=false, contains=null, notContains=null]. Consider exposing JMeter plugins via META-INF/services, and add JMeter-Skip-Class-Scanning=true manifest attribute so JMeter can skip classfile scanning
2026-07-12 10:51:46,333 INFO o.a.j.r.ClassFinder: Will scan jar D:\apache-jmeter-5.6.3\lib\ext\jmeter-plugins-cmn-jmeter-0.7.jar with filter ExtendsClassFilter [parents=[interface org.apache.jmeter.visualizers.RequestView], inner=false, contains=null, notContains=null]. Consider exposing JMeter plugins via META-INF/services, and add JMeter-Skip-Class-Scanning=true manifest attribute so JMeter can skip classfile scanning
2026-07-12 10:51:46,334 INFO o.a.j.r.ClassFinder: Will scan jar D:\apache-jmeter-5.6.3\lib\ext\jmeter-plugins-manager-0.20.jar with filter ExtendsClassFilter [parents=[interface org.apache.jmeter.visualizers.RequestView], inner=false, contains=null, notContains=null]. Consider exposing JMeter plugins via META-INF/services, and add JMeter-Skip-Class-Scanning=true manifest attribute so JMeter can skip classfile scanning
2026-07-12 10:51:46,336 INFO o.a.j.r.ClassFinder: Will scan jar D:\apache-jmeter-5.6.3\lib\ext\jmeter-plugins-manager-1.12.jar with filter ExtendsClassFilter [parents=[interface org.apache.jmeter.visualizers.RequestView], inner=false, contains=null, notContains=null]. Consider exposing JMeter plugins via META-INF/services, and add JMeter-Skip-Class-Scanning=true manifest attribute so JMeter can skip classfile scanning
2026-07-12 10:51:46,338 INFO o.a.j.r.ClassFinder: Will scan jar D:\apache-jmeter-5.6.3\lib\ext\jmeter-parallel-0.12.jar with filter ExtendsClassFilter [parents=[interface org.apache.jmeter.visualizers.RequestView], inner=false, contains=null, notContains=null]. Consider exposing JMeter plugins via META-INF/services, and add JMeter-Skip-Class-Scanning=true manifest attribute so JMeter can skip classfile scanning
2026-07-12 10:52:58,204 INFO o.a.j.s.FileServer: Default base='C:\Users\ydn26\Desktop\python_test\newbee_mall_api_test'
2026-07-12 10:52:58,204 INFO o.a.j.s.FileServer: Set new base='C:\Users\ydn26\Desktop\python_test\newbee_mall_api_test\jmxjmeter'
2026-07-12 10:52:58,205 ERROR o.a.j.g.a.Save: Error saving tree.
java.io.FileNotFoundException: C:\Users\ydn26\Desktop\python_test\newbee_mall_api_test\jmxjmeter\newbee_mall_search.jmx (系统找不到指定的路径。)
	at java.base/java.io.FileOutputStream.open0(Native Method) ~[?:?]
	at java.base/java.io.FileOutputStream.open(FileOutputStream.java:293) ~[?:?]
	at java.base/java.io.FileOutputStream.<init>(FileOutputStream.java:235) ~[?:?]
	at java.base/java.io.FileOutputStream.<init>(FileOutputStream.java:123) ~[?:?]
	at org.apache.jmeter.gui.action.Save.backupAndSave(Save.java:261) ~[ApacheJMeter_core.jar:5.6.3]
	at org.apache.jmeter.gui.action.Save.doAction(Save.java:176) ~[ApacheJMeter_core.jar:5.6.3]
	at org.apache.jmeter.gui.action.ActionRouter.performAction(ActionRouter.java:83) ~[ApacheJMeter_core.jar:5.6.3]
	at org.apache.jmeter.gui.action.ActionRouter.lambda$actionPerformed$0(ActionRouter.java:65) ~[ApacheJMeter_core.jar:5.6.3]
	at java.desktop/java.awt.event.InvocationEvent.dispatch(InvocationEvent.java:318) ~[?:?]
	at java.desktop/java.awt.EventQueue.dispatchEventImpl(EventQueue.java:771) ~[?:?]
	at java.desktop/java.awt.EventQueue$4.run(EventQueue.java:722) ~[?:?]
	at java.desktop/java.awt.EventQueue$4.run(EventQueue.java:716) ~[?:?]
	at java.base/java.security.AccessController.doPrivileged(AccessController.java:399) [?:?]
	at java.base/java.security.ProtectionDomain$JavaSecurityAccessImpl.doIntersectionPrivilege(ProtectionDomain.java:86) [?:?]
	at java.desktop/java.awt.EventQueue.dispatchEvent(EventQueue.java:741) [?:?]
	at java.desktop/java.awt.EventDispatchThread.pumpOneEventForFilters(EventDispatchThread.java:203) [?:?]
	at java.desktop/java.awt.EventDispatchThread.pumpEventsForFilter(EventDispatchThread.java:124) [?:?]
	at java.desktop/java.awt.EventDispatchThread.pumpEventsForHierarchy(EventDispatchThread.java:113) [?:?]
	at java.desktop/java.awt.EventDispatchThread.pumpEvents(EventDispatchThread.java:109) [?:?]
	at java.desktop/java.awt.EventDispatchThread.pumpEvents(EventDispatchThread.java:101) [?:?]
	at java.desktop/java.awt.EventDispatchThread.run(EventDispatchThread.java:90) [?:?]
2026-07-12 10:52:58,211 ERROR o.a.j.u.JMeterUtils: Couldn't save test plan to file: C:\Users\ydn26\Desktop\python_test\newbee_mall_api_test\jmxjmeter\newbee_mall_search.jmx
C:\Users\ydn26\Desktop\python_test\newbee_mall_api_test\jmxjmeter\newbee_mall_search.jmx (系统找不到指定的路径。)
2026-07-12 10:55:31,433 INFO o.a.j.s.FileServer: Set new base='C:\Users\ydn26\Desktop\python_test\newbee_mall_api_test\jmeter\newbee_mall_search.jmx'
2026-07-12 10:55:31,599 INFO o.a.j.s.SaveService: Testplan (JMX) version: 2.2. Testlog (JTL) version: 2.2
2026-07-12 10:55:31,619 INFO o.a.j.s.SaveService: Using SaveService properties version 5.0
2026-07-12 10:55:31,621 INFO o.a.j.s.SaveService: Using SaveService properties file encoding UTF-8
2026-07-12 11:00:37,139 ERROR o.a.j.g.a.Save: Error saving tree.
java.io.FileNotFoundException: C:\Users\ydn26\Desktop\python_test\newbee_mall_api_test\jmeter\newbee_mall_search.jmx\newbee_mall_search.jmx (系统找不到指定的路径。)
	at java.base/java.io.FileOutputStream.open0(Native Method) ~[?:?]
	at java.base/java.io.FileOutputStream.open(FileOutputStream.java:293) ~[?:?]
	at java.base/java.io.FileOutputStream.<init>(FileOutputStream.java:235) ~[?:?]
	at java.base/java.io.FileOutputStream.<init>(FileOutputStream.java:123) ~[?:?]
	at org.apache.jmeter.gui.action.Save.backupAndSave(Save.java:261) ~[ApacheJMeter_core.jar:5.6.3]
	at org.apache.jmeter.gui.action.Save.doAction(Save.java:176) ~[ApacheJMeter_core.jar:5.6.3]
	at org.apache.jmeter.gui.action.ActionRouter.performAction(ActionRouter.java:83) ~[ApacheJMeter_core.jar:5.6.3]
	at org.apache.jmeter.gui.action.ActionRouter.doActionNow(ActionRouter.java:120) ~[ApacheJMeter_core.jar:5.6.3]
	at org.apache.jmeter.gui.action.AbstractAction.popupShouldSave(AbstractAction.java:79) ~[ApacheJMeter_core.jar:5.6.3]
	at org.apache.jmeter.gui.action.Start.doAction(Start.java:114) ~[ApacheJMeter_core.jar:5.6.3]
	at org.apache.jmeter.gui.action.ActionRouter.performAction(ActionRouter.java:83) ~[ApacheJMeter_core.jar:5.6.3]
	at org.apache.jmeter.gui.action.ActionRouter.lambda$actionPerformed$0(ActionRouter.java:65) ~[ApacheJMeter_core.jar:5.6.3]
	at java.desktop/java.awt.event.InvocationEvent.dispatch(InvocationEvent.java:318) ~[?:?]
	at java.desktop/java.awt.EventQueue.dispatchEventImpl(EventQueue.java:771) ~[?:?]
	at java.desktop/java.awt.EventQueue$4.run(EventQueue.java:722) ~[?:?]
	at java.desktop/java.awt.EventQueue$4.run(EventQueue.java:716) ~[?:?]
	at java.base/java.security.AccessController.doPrivileged(AccessController.java:399) [?:?]
	at java.base/java.security.ProtectionDomain$JavaSecurityAccessImpl.doIntersectionPrivilege(ProtectionDomain.java:86) [?:?]
	at java.desktop/java.awt.EventQueue.dispatchEvent(EventQueue.java:741) [?:?]
	at java.desktop/java.awt.EventDispatchThread.pumpOneEventForFilters(EventDispatchThread.java:203) [?:?]
	at java.desktop/java.awt.EventDispatchThread.pumpEventsForFilter(EventDispatchThread.java:124) [?:?]
	at java.desktop/java.awt.EventDispatchThread.pumpEventsForHierarchy(EventDispatchThread.java:113) [?:?]
	at java.desktop/java.awt.EventDispatchThread.pumpEvents(EventDispatchThread.java:109) [?:?]
	at java.desktop/java.awt.EventDispatchThread.pumpEvents(EventDispatchThread.java:101) [?:?]
	at java.desktop/java.awt.EventDispatchThread.run(EventDispatchThread.java:90) [?:?]
2026-07-12 11:00:37,140 ERROR o.a.j.u.JMeterUtils: Couldn't save test plan to file: C:\Users\ydn26\Desktop\python_test\newbee_mall_api_test\jmeter\newbee_mall_search.jmx\newbee_mall_search.jmx
C:\Users\ydn26\Desktop\python_test\newbee_mall_api_test\jmeter\newbee_mall_search.jmx\newbee_mall_search.jmx (系统找不到指定的路径。)
2026-07-12 11:00:37,145 INFO o.a.j.e.StandardJMeterEngine: Running the test!
2026-07-12 11:00:37,146 INFO o.a.j.s.SampleEvent: List of sample_variables: []
2026-07-12 11:00:37,146 INFO o.a.j.s.SampleEvent: List of sample_variables: []
2026-07-12 11:00:37,147 INFO o.a.j.e.u.CompoundVariable: Note: Function class names must contain the string: '.functions.'
2026-07-12 11:00:37,147 INFO o.a.j.e.u.CompoundVariable: Note: Function class names must not contain the string: '.gui.'
2026-07-12 11:00:37,187 INFO o.a.j.r.ClassFinder: Will scan jar D:\apache-jmeter-5.6.3\lib\ext\jmeter-plugins-cmn-jmeter-0.4.jar with filter ExtendsClassFilter [parents=[interface org.apache.jmeter.functions.Function], inner=false, contains=null, notContains=null]. Consider exposing JMeter plugins via META-INF/services, and add JMeter-Skip-Class-Scanning=true manifest attribute so JMeter can skip classfile scanning
2026-07-12 11:00:37,190 INFO o.a.j.r.ClassFinder: Will scan jar D:\apache-jmeter-5.6.3\lib\ext\jmeter-plugins-graphs-basic-2.0.jar with filter ExtendsClassFilter [parents=[interface org.apache.jmeter.functions.Function], inner=false, contains=null, notContains=null]. Consider exposing JMeter plugins via META-INF/services, and add JMeter-Skip-Class-Scanning=true manifest attribute so JMeter can skip classfile scanning
2026-07-12 11:00:37,190 INFO o.a.j.r.ClassFinder: Will scan jar D:\apache-jmeter-5.6.3\lib\ext\jmeter-plugins-casutg-3.1.1.jar with filter ExtendsClassFilter [parents=[interface org.apache.jmeter.functions.Function], inner=false, contains=null, notContains=null]. Consider exposing JMeter plugins via META-INF/services, and add JMeter-Skip-Class-Scanning=true manifest attribute so JMeter can skip classfile scanning
2026-07-12 11:00:37,192 INFO o.a.j.r.ClassFinder: Will scan jar D:\apache-jmeter-5.6.3\lib\ext\jmeter-plugins-perfmon-2.1.jar with filter ExtendsClassFilter [parents=[interface org.apache.jmeter.functions.Function], inner=false, contains=null, notContains=null]. Consider exposing JMeter plugins via META-INF/services, and add JMeter-Skip-Class-Scanning=true manifest attribute so JMeter can skip classfile scanning
2026-07-12 11:00:37,192 INFO o.a.j.r.ClassFinder: Will scan jar D:\apache-jmeter-5.6.3\lib\ext\jmeter-plugins-manager-1.10.jar with filter ExtendsClassFilter [parents=[interface org.apache.jmeter.functions.Function], inner=false, contains=null, notContains=null]. Consider exposing JMeter plugins via META-INF/services, and add JMeter-Skip-Class-Scanning=true manifest attribute so JMeter can skip classfile scanning
2026-07-12 11:00:37,193 INFO o.a.j.r.ClassFinder: Will scan jar D:\apache-jmeter-5.6.3\lib\ext\jmeter-plugins-cmn-jmeter-0.7.jar with filter ExtendsClassFilter [parents=[interface org.apache.jmeter.functions.Function], inner=false, contains=null, notContains=null]. Consider exposing JMeter plugins via META-INF/services, and add JMeter-Skip-Class-Scanning=true manifest attribute so JMeter can skip classfile scanning
2026-07-12 11:00:37,193 INFO o.a.j.r.ClassFinder: Will scan jar D:\apache-jmeter-5.6.3\lib\ext\jmeter-plugins-manager-0.20.jar with filter ExtendsClassFilter [parents=[interface org.apache.jmeter.functions.Function], inner=false, contains=null, notContains=null]. Consider exposing JMeter plugins via META-INF/services, and add JMeter-Skip-Class-Scanning=true manifest attribute so JMeter can skip classfile scanning
2026-07-12 11:00:37,194 INFO o.a.j.r.ClassFinder: Will scan jar D:\apache-jmeter-5.6.3\lib\ext\jmeter-plugins-manager-1.12.jar with filter ExtendsClassFilter [parents=[interface org.apache.jmeter.functions.Function], inner=false, contains=null, notContains=null]. Consider exposing JMeter plugins via META-INF/services, and add JMeter-Skip-Class-Scanning=true manifest attribute so JMeter can skip classfile scanning
2026-07-12 11:00:37,197 INFO o.a.j.r.ClassFinder: Will scan jar D:\apache-jmeter-5.6.3\lib\ext\jmeter-parallel-0.12.jar with filter ExtendsClassFilter [parents=[interface org.apache.jmeter.functions.Function], inner=false, contains=null, notContains=null]. Consider exposing JMeter plugins via META-INF/services, and add JMeter-Skip-Class-Scanning=true manifest attribute so JMeter can skip classfile scanning
2026-07-12 11:00:37,201 INFO o.a.j.g.u.JMeterMenuBar: setRunning(true, *local*)
2026-07-12 11:00:37,210 INFO o.a.j.e.StandardJMeterEngine: Starting ThreadGroup: 1 : 搜索商品压测
2026-07-12 11:00:37,212 INFO o.a.j.e.StandardJMeterEngine: Starting 10 threads for group 搜索商品压测.
2026-07-12 11:00:37,212 INFO o.a.j.e.StandardJMeterEngine: Thread will continue on error
2026-07-12 11:00:37,214 INFO o.a.j.t.ThreadGroup: Starting thread group... number=1 threads=10 ramp-up=5 delayedStart=false
2026-07-12 11:00:37,217 INFO o.a.j.t.JMeterThread: Thread started: 搜索商品压测 1-1
2026-07-12 11:00:37,219 INFO o.a.j.t.ThreadGroup: Started thread group number 1
2026-07-12 11:00:37,219 INFO o.a.j.e.StandardJMeterEngine: All thread groups have been started
2026-07-12 11:00:37,224 INFO o.a.j.p.h.s.HTTPHCAbstractImpl: Local host = DESKTOP-JLK10SR
2026-07-12 11:00:37,229 INFO o.a.j.p.h.s.HTTPHC4Impl: HTTP request retry count = 0
2026-07-12 11:00:37,291 INFO o.a.j.t.JMeterThread: Thread is done: 搜索商品压测 1-1
2026-07-12 11:00:37,291 INFO o.a.j.t.JMeterThread: Thread finished: 搜索商品压测 1-1
2026-07-12 11:00:37,716 INFO o.a.j.t.JMeterThread: Thread started: 搜索商品压测 1-2
2026-07-12 11:00:37,735 INFO o.a.j.t.JMeterThread: Thread is done: 搜索商品压测 1-2
2026-07-12 11:00:37,735 INFO o.a.j.t.JMeterThread: Thread finished: 搜索商品压测 1-2
2026-07-12 11:00:38,216 INFO o.a.j.t.JMeterThread: Thread started: 搜索商品压测 1-3
2026-07-12 11:00:38,237 INFO o.a.j.t.JMeterThread: Thread is done: 搜索商品压测 1-3
2026-07-12 11:00:38,237 INFO o.a.j.t.JMeterThread: Thread finished: 搜索商品压测 1-3
2026-07-12 11:00:38,730 INFO o.a.j.t.JMeterThread: Thread started: 搜索商品压测 1-4
2026-07-12 11:00:38,748 INFO o.a.j.t.JMeterThread: Thread is done: 搜索商品压测 1-4
2026-07-12 11:00:38,749 INFO o.a.j.t.JMeterThread: Thread finished: 搜索商品压测 1-4
2026-07-12 11:00:39,228 INFO o.a.j.t.JMeterThread: Thread started: 搜索商品压测 1-5
2026-07-12 11:00:39,246 INFO o.a.j.t.JMeterThread: Thread is done: 搜索商品压测 1-5
2026-07-12 11:00:39,246 INFO o.a.j.t.JMeterThread: Thread finished: 搜索商品压测 1-5
2026-07-12 11:00:39,727 INFO o.a.j.t.JMeterThread: Thread started: 搜索商品压测 1-6
2026-07-12 11:00:39,745 INFO o.a.j.t.JMeterThread: Thread is done: 搜索商品压测 1-6
2026-07-12 11:00:39,745 INFO o.a.j.t.JMeterThread: Thread finished: 搜索商品压测 1-6
2026-07-12 11:00:40,225 INFO o.a.j.t.JMeterThread: Thread started: 搜索商品压测 1-7
2026-07-12 11:00:40,240 INFO o.a.j.t.JMeterThread: Thread is done: 搜索商品压测 1-7
2026-07-12 11:00:40,241 INFO o.a.j.t.JMeterThread: Thread finished: 搜索商品压测 1-7
2026-07-12 11:00:40,714 INFO o.a.j.t.JMeterThread: Thread started: 搜索商品压测 1-8
2026-07-12 11:00:40,728 INFO o.a.j.t.JMeterThread: Thread is done: 搜索商品压测 1-8
2026-07-12 11:00:40,728 INFO o.a.j.t.JMeterThread: Thread finished: 搜索商品压测 1-8
2026-07-12 11:00:41,215 INFO o.a.j.t.JMeterThread: Thread started: 搜索商品压测 1-9
2026-07-12 11:00:41,227 INFO o.a.j.t.JMeterThread: Thread is done: 搜索商品压测 1-9
2026-07-12 11:00:41,227 INFO o.a.j.t.JMeterThread: Thread finished: 搜索商品压测 1-9
2026-07-12 11:00:41,715 INFO o.a.j.t.JMeterThread: Thread started: 搜索商品压测 1-10
2026-07-12 11:00:41,728 INFO o.a.j.t.JMeterThread: Thread is done: 搜索商品压测 1-10
2026-07-12 11:00:41,728 INFO o.a.j.t.JMeterThread: Thread finished: 搜索商品压测 1-10
2026-07-12 11:00:41,728 INFO o.a.j.e.StandardJMeterEngine: Notifying test listeners of end of test
2026-07-12 11:00:41,728 INFO o.a.j.g.u.JMeterMenuBar: setRunning(false, *local*)
2026-07-12 11:00:42,778 ERROR o.a.j.g.a.Save: Error saving tree.
java.io.FileNotFoundException: C:\Users\ydn26\Desktop\python_test\newbee_mall_api_test\jmeter\newbee_mall_search.jmx\newbee_mall_search.jmx (系统找不到指定的路径。)
	at java.base/java.io.FileOutputStream.open0(Native Method) ~[?:?]
	at java.base/java.io.FileOutputStream.open(FileOutputStream.java:293) ~[?:?]
	at java.base/java.io.FileOutputStream.<init>(FileOutputStream.java:235) ~[?:?]
	at java.base/java.io.FileOutputStream.<init>(FileOutputStream.java:123) ~[?:?]
	at org.apache.jmeter.gui.action.Save.backupAndSave(Save.java:261) ~[ApacheJMeter_core.jar:5.6.3]
	at org.apache.jmeter.gui.action.Save.doAction(Save.java:176) ~[ApacheJMeter_core.jar:5.6.3]
	at org.apache.jmeter.gui.action.ActionRouter.performAction(ActionRouter.java:83) ~[ApacheJMeter_core.jar:5.6.3]
	at org.apache.jmeter.gui.action.ActionRouter.doActionNow(ActionRouter.java:120) ~[ApacheJMeter_core.jar:5.6.3]
	at org.apache.jmeter.gui.action.AbstractAction.popupShouldSave(AbstractAction.java:79) ~[ApacheJMeter_core.jar:5.6.3]
	at org.apache.jmeter.gui.action.Start.doAction(Start.java:114) ~[ApacheJMeter_core.jar:5.6.3]
	at org.apache.jmeter.gui.action.ActionRouter.performAction(ActionRouter.java:83) ~[ApacheJMeter_core.jar:5.6.3]
	at org.apache.jmeter.gui.action.ActionRouter.lambda$actionPerformed$0(ActionRouter.java:65) ~[ApacheJMeter_core.jar:5.6.3]
	at java.desktop/java.awt.event.InvocationEvent.dispatch(InvocationEvent.java:318) ~[?:?]
	at java.desktop/java.awt.EventQueue.dispatchEventImpl(EventQueue.java:771) ~[?:?]
	at java.desktop/java.awt.EventQueue$4.run(EventQueue.java:722) ~[?:?]
	at java.desktop/java.awt.EventQueue$4.run(EventQueue.java:716) ~[?:?]
	at java.base/java.security.AccessController.doPrivileged(AccessController.java:399) [?:?]
	at java.base/java.security.ProtectionDomain$JavaSecurityAccessImpl.doIntersectionPrivilege(ProtectionDomain.java:86) [?:?]
	at java.desktop/java.awt.EventQueue.dispatchEvent(EventQueue.java:741) [?:?]
	at java.desktop/java.awt.EventDispatchThread.pumpOneEventForFilters(EventDispatchThread.java:203) [?:?]
	at java.desktop/java.awt.EventDispatchThread.pumpEventsForFilter(EventDispatchThread.java:124) [?:?]
	at java.desktop/java.awt.EventDispatchThread.pumpEventsForHierarchy(EventDispatchThread.java:113) [?:?]
	at java.desktop/java.awt.EventDispatchThread.pumpEvents(EventDispatchThread.java:109) [?:?]
	at java.desktop/java.awt.EventDispatchThread.pumpEvents(EventDispatchThread.java:101) [?:?]
	at java.desktop/java.awt.EventDispatchThread.run(EventDispatchThread.java:90) [?:?]
2026-07-12 11:00:42,779 ERROR o.a.j.u.JMeterUtils: Couldn't save test plan to file: C:\Users\ydn26\Desktop\python_test\newbee_mall_api_test\jmeter\newbee_mall_search.jmx\newbee_mall_search.jmx
C:\Users\ydn26\Desktop\python_test\newbee_mall_api_test\jmeter\newbee_mall_search.jmx\newbee_mall_search.jmx (系统找不到指定的路径。)
2026-07-12 11:00:42,780 INFO o.a.j.e.StandardJMeterEngine: Running the test!
2026-07-12 11:00:42,780 INFO o.a.j.s.SampleEvent: List of sample_variables: []
2026-07-12 11:00:42,780 INFO o.a.j.g.u.JMeterMenuBar: setRunning(true, *local*)
2026-07-12 11:00:42,809 INFO o.a.j.e.StandardJMeterEngine: Starting ThreadGroup: 1 : 搜索商品压测
2026-07-12 11:00:42,809 INFO o.a.j.e.StandardJMeterEngine: Starting 10 threads for group 搜索商品压测.
2026-07-12 11:00:42,809 INFO o.a.j.e.StandardJMeterEngine: Thread will continue on error
2026-07-12 11:00:42,810 INFO o.a.j.t.ThreadGroup: Starting thread group... number=1 threads=10 ramp-up=5 delayedStart=false
2026-07-12 11:00:42,810 INFO o.a.j.t.JMeterThread: Thread started: 搜索商品压测 1-1
2026-07-12 11:00:42,812 INFO o.a.j.t.ThreadGroup: Started thread group number 1
2026-07-12 11:00:42,812 INFO o.a.j.e.StandardJMeterEngine: All thread groups have been started
2026-07-12 11:00:42,824 INFO o.a.j.t.JMeterThread: Thread is done: 搜索商品压测 1-1
2026-07-12 11:00:42,824 INFO o.a.j.t.JMeterThread: Thread finished: 搜索商品压测 1-1
2026-07-12 11:00:43,319 INFO o.a.j.t.JMeterThread: Thread started: 搜索商品压测 1-2
2026-07-12 11:00:43,330 INFO o.a.j.t.JMeterThread: Thread is done: 搜索商品压测 1-2
2026-07-12 11:00:43,330 INFO o.a.j.t.JMeterThread: Thread finished: 搜索商品压测 1-2
2026-07-12 11:00:43,812 INFO o.a.j.t.JMeterThread: Thread started: 搜索商品压测 1-3
2026-07-12 11:00:43,826 INFO o.a.j.t.JMeterThread: Thread is done: 搜索商品压测 1-3
2026-07-12 11:00:43,826 INFO o.a.j.t.JMeterThread: Thread finished: 搜索商品压测 1-3
2026-07-12 11:00:44,311 INFO o.a.j.t.JMeterThread: Thread started: 搜索商品压测 1-4
2026-07-12 11:00:44,321 INFO o.a.j.t.JMeterThread: Thread is done: 搜索商品压测 1-4
2026-07-12 11:00:44,321 INFO o.a.j.t.JMeterThread: Thread finished: 搜索商品压测 1-4
2026-07-12 11:00:44,811 INFO o.a.j.t.JMeterThread: Thread started: 搜索商品压测 1-5
2026-07-12 11:00:44,822 INFO o.a.j.t.JMeterThread: Thread is done: 搜索商品压测 1-5
2026-07-12 11:00:44,822 INFO o.a.j.t.JMeterThread: Thread finished: 搜索商品压测 1-5
2026-07-12 11:00:45,311 INFO o.a.j.t.JMeterThread: Thread started: 搜索商品压测 1-6
2026-07-12 11:00:45,324 INFO o.a.j.t.JMeterThread: Thread is done: 搜索商品压测 1-6
2026-07-12 11:00:45,325 INFO o.a.j.t.JMeterThread: Thread finished: 搜索商品压测 1-6
2026-07-12 11:00:45,810 INFO o.a.j.t.JMeterThread: Thread started: 搜索商品压测 1-7
2026-07-12 11:00:45,820 INFO o.a.j.t.JMeterThread: Thread is done: 搜索商品压测 1-7
2026-07-12 11:00:45,820 INFO o.a.j.t.JMeterThread: Thread finished: 搜索商品压测 1-7
2026-07-12 11:00:46,310 INFO o.a.j.t.JMeterThread: Thread started: 搜索商品压测 1-8
2026-07-12 11:00:46,321 INFO o.a.j.t.JMeterThread: Thread is done: 搜索商品压测 1-8
2026-07-12 11:00:46,321 INFO o.a.j.t.JMeterThread: Thread finished: 搜索商品压测 1-8
2026-07-12 11:00:46,811 INFO o.a.j.t.JMeterThread: Thread started: 搜索商品压测 1-9
2026-07-12 11:00:46,821 INFO o.a.j.t.JMeterThread: Thread is done: 搜索商品压测 1-9
2026-07-12 11:00:46,821 INFO o.a.j.t.JMeterThread: Thread finished: 搜索商品压测 1-9
2026-07-12 11:00:47,310 INFO o.a.j.t.JMeterThread: Thread started: 搜索商品压测 1-10
2026-07-12 11:00:47,323 INFO o.a.j.t.JMeterThread: Thread is done: 搜索商品压测 1-10
2026-07-12 11:00:47,323 INFO o.a.j.t.JMeterThread: Thread finished: 搜索商品压测 1-10
2026-07-12 11:00:47,323 INFO o.a.j.e.StandardJMeterEngine: Notifying test listeners of end of test
2026-07-12 11:00:47,323 INFO o.a.j.g.u.JMeterMenuBar: setRunning(false, *local*)
