2026-07-12 11:04:30,910 INFO o.a.j.u.JMeterUtils: Setting Locale to zh_CN
2026-07-12 11:04:30,932 INFO o.a.j.JMeter: Loading user properties from: D:\apache-jmeter-5.6.3\bin\user.properties
2026-07-12 11:04:30,933 INFO o.a.j.JMeter: Loading system properties from: D:\apache-jmeter-5.6.3\bin\system.properties
2026-07-12 11:04:30,939 INFO o.a.j.JMeter: Copyright (c) 1998-2024 The Apache Software Foundation
2026-07-12 11:04:30,939 INFO o.a.j.JMeter: Version 5.6.3
2026-07-12 11:04:30,939 INFO o.a.j.JMeter: java.version=17.0.12
2026-07-12 11:04:30,939 INFO o.a.j.JMeter: java.vm.name=Java HotSpot(TM) 64-Bit Server VM
2026-07-12 11:04:30,939 INFO o.a.j.JMeter: os.name=Windows 11
2026-07-12 11:04:30,939 INFO o.a.j.JMeter: os.arch=amd64
2026-07-12 11:04:30,940 INFO o.a.j.JMeter: os.version=10.0
2026-07-12 11:04:30,940 INFO o.a.j.JMeter: file.encoding=GBK
2026-07-12 11:04:30,940 INFO o.a.j.JMeter: java.awt.headless=true
2026-07-12 11:04:30,940 INFO o.a.j.JMeter: Max memory     =1073741824
2026-07-12 11:04:30,940 INFO o.a.j.JMeter: Available Processors =16
2026-07-12 11:04:30,949 INFO o.a.j.JMeter: Default Locale=English (EN)
2026-07-12 11:04:30,949 INFO o.a.j.JMeter: JMeter  Locale=Chinese (China)
2026-07-12 11:04:30,949 INFO o.a.j.JMeter: JMeterHome=D:\apache-jmeter-5.6.3
2026-07-12 11:04:30,949 INFO o.a.j.JMeter: user.dir  =C:\Users\ydn26\Desktop\python_test\newbee_mall_api_test\jmeter
2026-07-12 11:04:30,949 INFO o.a.j.JMeter: PWD       =C:\Users\ydn26\Desktop\python_test\newbee_mall_api_test\jmeter
2026-07-12 11:04:30,953 INFO o.a.j.JMeter: IP: 10.63.117.120 Name: DESKTOP-JLK10SR FullName: DESKTOP-JLK10SR
2026-07-12 11:04:30,969 INFO o.a.j.JMeter: Setting property 'jmeter.reportgenerator.outputdir' to:'C:\Users\ydn26\Desktop\python_test\newbee_mall_api_test\jmeter\report'
2026-07-12 11:04:30,972 INFO o.a.j.s.FileServer: Default base='C:\Users\ydn26\Desktop\python_test\newbee_mall_api_test\jmeter'
2026-07-12 11:04:30,973 INFO o.a.j.s.FileServer: Set new base='C:\Users\ydn26\Desktop\python_test\newbee_mall_api_test\jmeter'
2026-07-12 11:04:31,171 INFO o.a.j.s.SaveService: Testplan (JMX) version: 2.2. Testlog (JTL) version: 2.2
2026-07-12 11:04:31,198 INFO o.a.j.s.SaveService: Using SaveService properties version 5.0
2026-07-12 11:04:31,202 INFO o.a.j.s.SaveService: Using SaveService properties file encoding UTF-8
2026-07-12 11:04:31,204 INFO o.a.j.s.SaveService: Loading file: newbee_mall_search.jmx
2026-07-12 11:04:31,268 INFO o.a.j.p.h.s.HTTPSamplerBase: Parser for text/html is org.apache.jmeter.protocol.http.parser.LagartoBasedHtmlParser
2026-07-12 11:04:31,268 INFO o.a.j.p.h.s.HTTPSamplerBase: Parser for application/xhtml+xml is org.apache.jmeter.protocol.http.parser.LagartoBasedHtmlParser
2026-07-12 11:04:31,268 INFO o.a.j.p.h.s.HTTPSamplerBase: Parser for application/xml is org.apache.jmeter.protocol.http.parser.LagartoBasedHtmlParser
2026-07-12 11:04:31,268 INFO o.a.j.p.h.s.HTTPSamplerBase: Parser for text/xml is org.apache.jmeter.protocol.http.parser.LagartoBasedHtmlParser
2026-07-12 11:04:31,268 INFO o.a.j.p.h.s.HTTPSamplerBase: Parser for text/vnd.wap.wml is org.apache.jmeter.protocol.http.parser.RegexpHTMLParser
2026-07-12 11:04:31,268 INFO o.a.j.p.h.s.HTTPSamplerBase: Parser for text/css is org.apache.jmeter.protocol.http.parser.CssParser
2026-07-12 11:04:31,292 INFO o.a.j.JMeter: Creating summariser <summary>
2026-07-12 11:04:31,296 INFO o.a.j.r.d.ReportGenerator: ReportGenerator will use for Parsing the separator: ','
2026-07-12 11:04:31,296 INFO o.a.j.r.d.ReportGenerator: Will generate report at end of test from  results file: result.jtl
2026-07-12 11:04:31,296 INFO o.a.j.r.d.ReportGenerator: Reading report generator properties from: D:\apache-jmeter-5.6.3\bin\reportgenerator.properties
2026-07-12 11:04:31,306 INFO o.a.j.r.d.ReportGenerator: Merging with JMeter properties
2026-07-12 11:04:31,310 INFO o.a.j.r.c.ReportGeneratorConfiguration: Property 'jmeter.reportgenerator.temp_dir' not found, using default value 'temp' instead.
2026-07-12 11:04:31,313 INFO o.a.j.r.c.ReportGeneratorConfiguration: Property 'jmeter.reportgenerator.apdex_per_transaction' not found, using default value 'null' instead.
2026-07-12 11:04:31,313 INFO o.a.j.r.c.ReportGeneratorConfiguration: apdex_per_transaction is empty, not APDEX per transaction customization
2026-07-12 11:04:31,313 INFO o.a.j.r.c.ReportGeneratorConfiguration: Property 'jmeter.reportgenerator.sample_filter' not found, using default value 'null' instead.
2026-07-12 11:04:31,313 INFO o.a.j.r.c.ReportGeneratorConfiguration: Property 'jmeter.reportgenerator.report_title' not found, using default value 'null' instead.
2026-07-12 11:04:31,313 INFO o.a.j.r.c.ReportGeneratorConfiguration: Property 'jmeter.reportgenerator.start_date' not found, using default value 'null' instead.
2026-07-12 11:04:31,313 INFO o.a.j.r.c.ReportGeneratorConfiguration: Property 'jmeter.reportgenerator.end_date' not found, using default value 'null' instead.
2026-07-12 11:04:31,313 INFO o.a.j.r.c.ReportGeneratorConfiguration: Property 'jmeter.reportgenerator.date_format' not found, using default value 'null' instead.
2026-07-12 11:04:31,313 INFO o.a.j.r.c.ReportGeneratorConfiguration: Will use date range start date: null, end date: null
2026-07-12 11:04:31,318 INFO o.a.j.r.c.ReportGeneratorConfiguration: Property 'jmeter.reportgenerator.graph.totalTPS.exclude_controllers' not found, using default value 'false' instead.
2026-07-12 11:04:31,318 INFO o.a.j.r.c.ReportGeneratorConfiguration: Property 'jmeter.reportgenerator.graph.activeThreadsOverTime.exclude_controllers' not found, using default value 'false' instead.
2026-07-12 11:04:31,318 INFO o.a.j.r.c.ReportGeneratorConfiguration: Property 'jmeter.reportgenerator.graph.timeVsThreads.exclude_controllers' not found, using default value 'false' instead.
2026-07-12 11:04:31,319 INFO o.a.j.r.c.ReportGeneratorConfiguration: Property 'jmeter.reportgenerator.graph.responseTimeDistribution.exclude_controllers' not found, using default value 'false' instead.
2026-07-12 11:04:31,319 INFO o.a.j.r.c.ReportGeneratorConfiguration: Property 'jmeter.reportgenerator.graph.transactionsPerSecond.exclude_controllers' not found, using default value 'false' instead.
2026-07-12 11:04:31,319 INFO o.a.j.r.c.ReportGeneratorConfiguration: Property 'jmeter.reportgenerator.graph.responseTimePercentiles.exclude_controllers' not found, using default value 'false' instead.
2026-07-12 11:04:31,319 INFO o.a.j.r.c.ReportGeneratorConfiguration: Property 'jmeter.reportgenerator.graph.responseTimePercentilesOverTime.exclude_controllers' not found, using default value 'false' instead.
2026-07-12 11:04:31,319 INFO o.a.j.r.c.ReportGeneratorConfiguration: Property 'jmeter.reportgenerator.graph.responseTimesOverTime.exclude_controllers' not found, using default value 'false' instead.
2026-07-12 11:04:31,319 INFO o.a.j.r.c.ReportGeneratorConfiguration: Property 'jmeter.reportgenerator.graph.connectTimeOverTime.exclude_controllers' not found, using default value 'false' instead.
2026-07-12 11:04:31,319 INFO o.a.j.r.c.ReportGeneratorConfiguration: Property 'jmeter.reportgenerator.graph.latenciesOverTime.exclude_controllers' not found, using default value 'false' instead.
2026-07-12 11:04:31,320 INFO o.a.j.r.c.ReportGeneratorConfiguration: Property 'jmeter.reportgenerator.exporter.json.filters_only_sample_series' not found, using default value 'true' instead.
2026-07-12 11:04:31,320 INFO o.a.j.r.c.ReportGeneratorConfiguration: Property 'jmeter.reportgenerator.exporter.json.series_filter' not found, using default value '' instead.
2026-07-12 11:04:31,320 INFO o.a.j.r.c.ReportGeneratorConfiguration: Property 'jmeter.reportgenerator.exporter.json.show_controllers_only' not found, using default value 'false' instead.
2026-07-12 11:04:31,320 INFO o.a.j.r.c.ReportGeneratorConfiguration: Property 'jmeter.reportgenerator.exporter.html.filters_only_sample_series' not found, using default value 'true' instead.
2026-07-12 11:04:31,321 INFO o.a.j.r.c.ReportGeneratorConfiguration: Property 'jmeter.reportgenerator.exporter.html.series_filter' not found, using default value '' instead.
2026-07-12 11:04:31,321 INFO o.a.j.r.c.ReportGeneratorConfiguration: Property 'jmeter.reportgenerator.exporter.html.show_controllers_only' not found, using default value 'false' instead.
2026-07-12 11:04:31,331 INFO o.a.j.e.StandardJMeterEngine: Running the test!
2026-07-12 11:04:31,332 INFO o.a.j.s.SampleEvent: List of sample_variables: []
2026-07-12 11:04:31,332 INFO o.a.j.s.SampleEvent: List of sample_variables: []
2026-07-12 11:04:31,336 INFO o.a.j.e.u.CompoundVariable: Note: Function class names must contain the string: '.functions.'
2026-07-12 11:04:31,336 INFO o.a.j.e.u.CompoundVariable: Note: Function class names must not contain the string: '.gui.'
2026-07-12 11:04:31,394 INFO o.a.j.r.ClassFinder: Will scan jar D:\apache-jmeter-5.6.3\lib\ext\jmeter-plugins-cmn-jmeter-0.4.jar with filter ExtendsClassFilter [parents=[interface org.apache.jmeter.functions.Function], inner=false, contains=null, notContains=null]. Consider exposing JMeter plugins via META-INF/services, and add JMeter-Skip-Class-Scanning=true manifest attribute so JMeter can skip classfile scanning
2026-07-12 11:04:31,413 INFO o.a.j.r.ClassFinder: Will scan jar D:\apache-jmeter-5.6.3\lib\ext\jmeter-plugins-graphs-basic-2.0.jar with filter ExtendsClassFilter [parents=[interface org.apache.jmeter.functions.Function], inner=false, contains=null, notContains=null]. Consider exposing JMeter plugins via META-INF/services, and add JMeter-Skip-Class-Scanning=true manifest attribute so JMeter can skip classfile scanning
2026-07-12 11:04:31,415 INFO o.a.j.r.ClassFinder: Will scan jar D:\apache-jmeter-5.6.3\lib\ext\jmeter-plugins-casutg-3.1.1.jar with filter ExtendsClassFilter [parents=[interface org.apache.jmeter.functions.Function], inner=false, contains=null, notContains=null]. Consider exposing JMeter plugins via META-INF/services, and add JMeter-Skip-Class-Scanning=true manifest attribute so JMeter can skip classfile scanning
2026-07-12 11:04:31,424 INFO o.a.j.r.ClassFinder: Will scan jar D:\apache-jmeter-5.6.3\lib\ext\jmeter-plugins-perfmon-2.1.jar with filter ExtendsClassFilter [parents=[interface org.apache.jmeter.functions.Function], inner=false, contains=null, notContains=null]. Consider exposing JMeter plugins via META-INF/services, and add JMeter-Skip-Class-Scanning=true manifest attribute so JMeter can skip classfile scanning
2026-07-12 11:04:31,427 INFO o.a.j.r.ClassFinder: Will scan jar D:\apache-jmeter-5.6.3\lib\ext\jmeter-plugins-manager-1.10.jar with filter ExtendsClassFilter [parents=[interface org.apache.jmeter.functions.Function], inner=false, contains=null, notContains=null]. Consider exposing JMeter plugins via META-INF/services, and add JMeter-Skip-Class-Scanning=true manifest attribute so JMeter can skip classfile scanning
2026-07-12 11:04:31,503 INFO o.a.j.r.ClassFinder: Will scan jar D:\apache-jmeter-5.6.3\lib\ext\jmeter-plugins-cmn-jmeter-0.7.jar with filter ExtendsClassFilter [parents=[interface org.apache.jmeter.functions.Function], inner=false, contains=null, notContains=null]. Consider exposing JMeter plugins via META-INF/services, and add JMeter-Skip-Class-Scanning=true manifest attribute so JMeter can skip classfile scanning
2026-07-12 11:04:31,507 INFO o.a.j.r.ClassFinder: Will scan jar D:\apache-jmeter-5.6.3\lib\ext\jmeter-plugins-manager-0.20.jar with filter ExtendsClassFilter [parents=[interface org.apache.jmeter.functions.Function], inner=false, contains=null, notContains=null]. Consider exposing JMeter plugins via META-INF/services, and add JMeter-Skip-Class-Scanning=true manifest attribute so JMeter can skip classfile scanning
2026-07-12 11:04:31,510 INFO o.a.j.r.ClassFinder: Will scan jar D:\apache-jmeter-5.6.3\lib\ext\jmeter-plugins-manager-1.12.jar with filter ExtendsClassFilter [parents=[interface org.apache.jmeter.functions.Function], inner=false, contains=null, notContains=null]. Consider exposing JMeter plugins via META-INF/services, and add JMeter-Skip-Class-Scanning=true manifest attribute so JMeter can skip classfile scanning
2026-07-12 11:04:31,512 INFO o.a.j.r.ClassFinder: Will scan jar D:\apache-jmeter-5.6.3\lib\ext\jmeter-parallel-0.12.jar with filter ExtendsClassFilter [parents=[interface org.apache.jmeter.functions.Function], inner=false, contains=null, notContains=null]. Consider exposing JMeter plugins via META-INF/services, and add JMeter-Skip-Class-Scanning=true manifest attribute so JMeter can skip classfile scanning
2026-07-12 11:04:31,532 INFO o.a.j.JMeter: 正在运行的测试 (1783825471531)
2026-07-12 11:04:31,542 INFO o.a.j.e.StandardJMeterEngine: Starting ThreadGroup: 1 : 搜索商品压测
2026-07-12 11:04:31,542 INFO o.a.j.e.StandardJMeterEngine: Starting 10 threads for group 搜索商品压测.
2026-07-12 11:04:31,542 INFO o.a.j.e.StandardJMeterEngine: Thread will continue on error
2026-07-12 11:04:31,542 INFO o.a.j.t.ThreadGroup: Starting thread group... number=1 threads=10 ramp-up=5 delayedStart=false
2026-07-12 11:04:31,548 INFO o.a.j.t.JMeterThread: Thread started: 搜索商品压测 1-1
2026-07-12 11:04:31,549 INFO o.a.j.t.ThreadGroup: Started thread group number 1
2026-07-12 11:04:31,549 INFO o.a.j.e.StandardJMeterEngine: All thread groups have been started
2026-07-12 11:04:31,562 INFO o.a.j.p.h.s.HTTPHCAbstractImpl: Local host = DESKTOP-JLK10SR
2026-07-12 11:04:31,565 INFO o.a.j.p.h.s.HTTPHC4Impl: HTTP request retry count = 0
2026-07-12 11:04:31,566 INFO o.a.j.s.SampleResult: Note: Sample TimeStamps are START times
2026-07-12 11:04:31,566 INFO o.a.j.s.SampleResult: sampleresult.default.encoding is set to UTF-8
2026-07-12 11:04:31,566 INFO o.a.j.s.SampleResult: sampleresult.useNanoTime=true
2026-07-12 11:04:31,566 INFO o.a.j.s.SampleResult: sampleresult.nanoThreadSleep=5000
2026-07-12 11:04:31,658 INFO o.a.j.r.Summariser: summary +      1 in 00:00:00 =    7.9/s Avg:    40 Min:    40 Max:    40 Err:     0 (0.00%) Active: 1 Started: 1 Finished: 0
2026-07-12 11:04:31,675 INFO o.a.j.t.JMeterThread: Thread is done: 搜索商品压测 1-1
2026-07-12 11:04:31,675 INFO o.a.j.t.JMeterThread: Thread finished: 搜索商品压测 1-1
2026-07-12 11:04:32,047 INFO o.a.j.t.JMeterThread: Thread started: 搜索商品压测 1-2
2026-07-12 11:04:32,063 INFO o.a.j.t.JMeterThread: Thread is done: 搜索商品压测 1-2
2026-07-12 11:04:32,063 INFO o.a.j.t.JMeterThread: Thread finished: 搜索商品压测 1-2
2026-07-12 11:04:32,548 INFO o.a.j.t.JMeterThread: Thread started: 搜索商品压测 1-3
2026-07-12 11:04:32,560 INFO o.a.j.t.JMeterThread: Thread is done: 搜索商品压测 1-3
2026-07-12 11:04:32,560 INFO o.a.j.t.JMeterThread: Thread finished: 搜索商品压测 1-3
2026-07-12 11:04:33,046 INFO o.a.j.t.JMeterThread: Thread started: 搜索商品压测 1-4
2026-07-12 11:04:33,062 INFO o.a.j.t.JMeterThread: Thread is done: 搜索商品压测 1-4
2026-07-12 11:04:33,062 INFO o.a.j.t.JMeterThread: Thread finished: 搜索商品压测 1-4
2026-07-12 11:04:33,545 INFO o.a.j.t.JMeterThread: Thread started: 搜索商品压测 1-5
2026-07-12 11:04:33,559 INFO o.a.j.t.JMeterThread: Thread is done: 搜索商品压测 1-5
2026-07-12 11:04:33,559 INFO o.a.j.t.JMeterThread: Thread finished: 搜索商品压测 1-5
2026-07-12 11:04:34,044 INFO o.a.j.t.JMeterThread: Thread started: 搜索商品压测 1-6
2026-07-12 11:04:34,057 INFO o.a.j.t.JMeterThread: Thread is done: 搜索商品压测 1-6
2026-07-12 11:04:34,057 INFO o.a.j.t.JMeterThread: Thread finished: 搜索商品压测 1-6
2026-07-12 11:04:34,544 INFO o.a.j.t.JMeterThread: Thread started: 搜索商品压测 1-7
2026-07-12 11:04:34,555 INFO o.a.j.t.JMeterThread: Thread is done: 搜索商品压测 1-7
2026-07-12 11:04:34,555 INFO o.a.j.t.JMeterThread: Thread finished: 搜索商品压测 1-7
2026-07-12 11:04:35,044 INFO o.a.j.t.JMeterThread: Thread started: 搜索商品压测 1-8
2026-07-12 11:04:35,054 INFO o.a.j.t.JMeterThread: Thread is done: 搜索商品压测 1-8
2026-07-12 11:04:35,054 INFO o.a.j.t.JMeterThread: Thread finished: 搜索商品压测 1-8
2026-07-12 11:04:35,543 INFO o.a.j.t.JMeterThread: Thread started: 搜索商品压测 1-9
2026-07-12 11:04:35,553 INFO o.a.j.t.JMeterThread: Thread is done: 搜索商品压测 1-9
2026-07-12 11:04:35,553 INFO o.a.j.t.JMeterThread: Thread finished: 搜索商品压测 1-9
2026-07-12 11:04:36,045 INFO o.a.j.t.JMeterThread: Thread started: 搜索商品压测 1-10
2026-07-12 11:04:36,055 INFO o.a.j.t.JMeterThread: Thread is done: 搜索商品压测 1-10
2026-07-12 11:04:36,055 INFO o.a.j.t.JMeterThread: Thread finished: 搜索商品压测 1-10
2026-07-12 11:04:36,055 INFO o.a.j.e.StandardJMeterEngine: Notifying test listeners of end of test
2026-07-12 11:04:36,056 INFO o.a.j.r.Summariser: summary +     99 in 00:00:04 =   22.5/s Avg:     0 Min:     0 Max:     2 Err:     0 (0.00%) Active: 0 Started: 10 Finished: 10
2026-07-12 11:04:36,056 INFO o.a.j.r.Summariser: summary =    100 in 00:00:05 =   22.1/s Avg:     1 Min:     0 Max:    40 Err:     0 (0.00%)
2026-07-12 11:04:36,056 INFO o.a.j.JMeter: Generating Dashboard
2026-07-12 11:04:36,056 INFO o.a.j.r.d.ReportGenerator: Flushing result collector before report Generation
2026-07-12 11:04:36,063 INFO o.a.j.r.p.NormalizerSampleConsumer: Using format, 'ms', to parse timeStamp field
2026-07-12 11:04:36,151 INFO o.a.j.r.p.AbstractSampleConsumer: class org.apache.jmeter.report.processor.AggregateConsumer#stopProducing(): beginDate produced 0 samples
2026-07-12 11:04:36,151 INFO o.a.j.r.p.AbstractSampleConsumer: class org.apache.jmeter.report.processor.AggregateConsumer#stopProducing(): endDate produced 0 samples
2026-07-12 11:04:36,155 INFO o.a.j.r.p.AbstractSampleConsumer: class org.apache.jmeter.report.processor.ApdexSummaryConsumer#stopProducing(): apdexSummary produced 0 samples
2026-07-12 11:04:36,155 INFO o.a.j.r.p.AbstractSampleConsumer: class org.apache.jmeter.report.processor.RequestsSummaryConsumer#stopProducing(): requestsSummary produced 0 samples
2026-07-12 11:04:36,159 INFO o.a.j.r.p.AbstractSampleConsumer: class org.apache.jmeter.report.processor.StatisticsSummaryConsumer#stopProducing(): statisticsSummary produced 0 samples
2026-07-12 11:04:36,160 INFO o.a.j.r.p.AbstractSampleConsumer: class org.apache.jmeter.report.processor.Top5ErrorsBySamplerConsumer#stopProducing(): top5ErrorsBySampler produced 0 samples
2026-07-12 11:04:36,160 INFO o.a.j.r.p.AbstractSampleConsumer: class org.apache.jmeter.report.processor.ErrorsSummaryConsumer#stopProducing(): errorsSummary produced 0 samples
2026-07-12 11:04:36,160 INFO o.a.j.r.p.AbstractSampleConsumer: class org.apache.jmeter.report.processor.graph.impl.HitsPerSecondGraphConsumer#stopProducing(): hitsPerSecond produced 0 samples
2026-07-12 11:04:36,176 INFO o.a.j.r.p.AbstractSampleConsumer: class org.apache.jmeter.report.processor.graph.impl.LatencyVSRequestGraphConsumer#stopProducing(): latencyVsRequest produced 0 samples
2026-07-12 11:04:36,176 INFO o.a.j.r.p.AbstractSampleConsumer: class org.apache.jmeter.report.processor.graph.impl.SyntheticResponseTimeDistributionGraphConsumer#stopProducing(): syntheticResponseTimeDistribution produced 0 samples
2026-07-12 11:04:36,177 INFO o.a.j.r.p.AbstractSampleConsumer: class org.apache.jmeter.report.processor.graph.impl.BytesThroughputGraphConsumer#stopProducing(): bytesThroughputOverTime produced 0 samples
2026-07-12 11:04:36,177 INFO o.a.j.r.p.AbstractSampleConsumer: class org.apache.jmeter.report.processor.graph.impl.CodesPerSecondGraphConsumer#stopProducing(): codesPerSecond produced 0 samples
2026-07-12 11:04:36,180 INFO o.a.j.r.p.AbstractSampleConsumer: class org.apache.jmeter.report.processor.graph.impl.ResponseTimeVSRequestGraphConsumer#stopProducing(): responseTimeVsRequest produced 0 samples
2026-07-12 11:04:36,180 INFO o.a.j.r.p.AbstractSampleConsumer: class org.apache.jmeter.report.processor.FilterConsumer#stopProducing(): startIntervalControlerFilter produced 700 samples
2026-07-12 11:04:36,180 INFO o.a.j.r.p.AbstractSampleConsumer: class org.apache.jmeter.report.processor.graph.impl.TotalTPSGraphConsumer#stopProducing(): totalTPS produced 0 samples
2026-07-12 11:04:36,180 INFO o.a.j.r.p.AbstractSampleConsumer: class org.apache.jmeter.report.processor.graph.impl.ActiveThreadsGraphConsumer#stopProducing(): activeThreadsOverTime produced 0 samples
2026-07-12 11:04:36,181 INFO o.a.j.r.p.AbstractSampleConsumer: class org.apache.jmeter.report.processor.graph.impl.TimeVSThreadGraphConsumer#stopProducing(): timeVsThreads produced 0 samples
2026-07-12 11:04:36,181 INFO o.a.j.r.p.AbstractSampleConsumer: class org.apache.jmeter.report.processor.graph.impl.ResponseTimeDistributionGraphConsumer#stopProducing(): responseTimeDistribution produced 0 samples
2026-07-12 11:04:36,181 INFO o.a.j.r.p.AbstractSampleConsumer: class org.apache.jmeter.report.processor.graph.impl.TransactionsPerSecondGraphConsumer#stopProducing(): transactionsPerSecond produced 0 samples
2026-07-12 11:04:36,181 INFO o.a.j.r.p.AbstractSampleConsumer: class org.apache.jmeter.report.processor.graph.impl.ResponseTimePercentilesGraphConsumer#stopProducing(): responseTimePercentiles produced 0 samples
2026-07-12 11:04:36,181 INFO o.a.j.r.p.AbstractSampleConsumer: class org.apache.jmeter.report.processor.graph.impl.ResponseTimePercentilesOverTimeGraphConsumer#stopProducing(): responseTimePercentilesOverTime produced 0 samples
2026-07-12 11:04:36,181 INFO o.a.j.r.p.AbstractSampleConsumer: class org.apache.jmeter.report.processor.graph.impl.ResponseTimeOverTimeGraphConsumer#stopProducing(): responseTimesOverTime produced 0 samples
2026-07-12 11:04:36,181 INFO o.a.j.r.p.AbstractSampleConsumer: class org.apache.jmeter.report.processor.graph.impl.ConnectTimeOverTimeGraphConsumer#stopProducing(): connectTimeOverTime produced 0 samples
2026-07-12 11:04:36,181 INFO o.a.j.r.p.AbstractSampleConsumer: class org.apache.jmeter.report.processor.graph.impl.LatencyOverTimeGraphConsumer#stopProducing(): latenciesOverTime produced 0 samples
2026-07-12 11:04:36,182 INFO o.a.j.r.p.AbstractSampleConsumer: class org.apache.jmeter.report.processor.FilterConsumer#stopProducing(): nameFilter produced 1500 samples
2026-07-12 11:04:36,182 INFO o.a.j.r.p.AbstractSampleConsumer: class org.apache.jmeter.report.processor.FilterConsumer#stopProducing(): dateRangeFilter produced 300 samples
2026-07-12 11:04:36,182 INFO o.a.j.r.p.AbstractSampleConsumer: class org.apache.jmeter.report.processor.NormalizerSampleConsumer#stopProducing(): normalizer produced 100 samples
2026-07-12 11:04:36,182 INFO o.a.j.r.p.CsvFileSampleSource: produce(): 100 samples produced in 101ms on channel 0
2026-07-12 11:04:36,182 INFO o.a.j.r.d.ReportGenerator: Exporting data using exporter:'json' of className:'org.apache.jmeter.report.dashboard.JsonExporter'
2026-07-12 11:04:36,235 INFO o.a.j.r.d.JsonExporter: Found data for consumer statisticsSummary?in context
2026-07-12 11:04:36,235 INFO o.a.j.r.d.JsonExporter: Creating statistics for overall
2026-07-12 11:04:36,235 INFO o.a.j.r.d.JsonExporter: Creating statistics for other transactions
2026-07-12 11:04:36,236 INFO o.a.j.r.d.JsonExporter: Checking output folder
2026-07-12 11:04:36,236 INFO o.a.j.r.d.JsonExporter: Writing statistics JSON to C:\Users\ydn26\Desktop\python_test\newbee_mall_api_test\jmeter\report\statistics.json
2026-07-12 11:04:36,270 INFO o.a.j.r.d.ReportGenerator: Exporting data using exporter:'html' of className:'org.apache.jmeter.report.dashboard.HtmlTemplateExporter'
2026-07-12 11:04:36,272 INFO o.a.j.r.d.HtmlTemplateExporter: Will generate dashboard in folder: C:\Users\ydn26\Desktop\python_test\newbee_mall_api_test\jmeter\report
2026-07-12 11:04:36,353 INFO o.a.j.r.d.HtmlTemplateExporter: Report will be generated in: C:\Users\ydn26\Desktop\python_test\newbee_mall_api_test\jmeter\report, creating folder structure
2026-07-12 11:04:36,354 INFO o.a.j.r.d.TemplateVisitor: Copying folder from 'D:\apache-jmeter-5.6.3\bin\report-template' to 'C:\Users\ydn26\Desktop\python_test\newbee_mall_api_test\jmeter\report', got message: C:\Users\ydn26\Desktop\python_test\newbee_mall_api_test\jmeter\report, found non empty folder with following content [C:\Users\ydn26\Desktop\python_test\newbee_mall_api_test\jmeter\report\statistics.json], will be ignored
2026-07-12 11:04:36,824 INFO o.a.j.JMeter: Dashboard generated
