2026-07-11 23:37:13 [INFO] [test_user.py:25] 注册用户名: test_user_1783784233
2026-07-11 23:47:23 [INFO] [http_client.py:32] [POST] http://localhost:28019/api/v1/user/register
2026-07-11 23:47:23 [INFO] [http_client.py:34] Body: {"loginName": "test_user_001", "password": "123456"}
2026-07-11 23:47:23 [INFO] [http_client.py:68] Status: 200
2026-07-11 23:47:23 [INFO] [http_client.py:72] Response: {
  "resultCode": 500,
  "message": "请输入正确的手机号！",
  "data": null
}
2026-07-11 23:47:23 [INFO] [http_client.py:32] [POST] http://localhost:28019/api/v1/user/login
2026-07-11 23:47:23 [INFO] [http_client.py:34] Body: {"loginName": "test_user_001", "password": "123456"}
2026-07-11 23:47:23 [INFO] [http_client.py:68] Status: 200
2026-07-11 23:47:23 [INFO] [http_client.py:72] Response: {
  "resultCode": 510,
  "message": "密码不能为空",
  "data": null
}
2026-07-11 23:47:23 [INFO] [test_user.py:26] 【用例开始】test_register_success，用户名: test_user_1783784843
2026-07-11 23:47:23 [INFO] [http_client.py:32] [POST] http://localhost:28019/api/v1/user/register
2026-07-11 23:47:23 [INFO] [http_client.py:34] Body: {"loginName": "test_user_1783784843", "password": "123456"}
2026-07-11 23:47:23 [INFO] [http_client.py:68] Status: 200
2026-07-11 23:47:23 [INFO] [http_client.py:72] Response: {
  "resultCode": 500,
  "message": "请输入正确的手机号！",
  "data": null
}
2026-07-11 23:47:23 [INFO] [http_client.py:32] [POST] http://localhost:28019/api/v1/user/register
2026-07-11 23:47:23 [INFO] [http_client.py:34] Body: {"loginName": "dup_user_1783784843", "password": "123456"}
2026-07-11 23:47:23 [INFO] [http_client.py:68] Status: 200
2026-07-11 23:47:23 [INFO] [http_client.py:72] Response: {
  "resultCode": 500,
  "message": "请输入正确的手机号！",
  "data": null
}
2026-07-11 23:47:23 [INFO] [http_client.py:32] [POST] http://localhost:28019/api/v1/user/register
2026-07-11 23:47:23 [INFO] [http_client.py:34] Body: {"loginName": "dup_user_1783784843", "password": "123456"}
2026-07-11 23:47:23 [INFO] [http_client.py:68] Status: 200
2026-07-11 23:47:23 [INFO] [http_client.py:72] Response: {
  "resultCode": 500,
  "message": "请输入正确的手机号！",
  "data": null
}
2026-07-11 23:47:23 [INFO] [http_client.py:32] [POST] http://localhost:28019/api/v1/user/register
2026-07-11 23:47:23 [INFO] [http_client.py:34] Body: {"loginName": "test_user_001", "password": "123456"}
2026-07-11 23:47:23 [INFO] [http_client.py:68] Status: 200
2026-07-11 23:47:23 [INFO] [http_client.py:72] Response: {
  "resultCode": 500,
  "message": "请输入正确的手机号！",
  "data": null
}
2026-07-11 23:47:23 [INFO] [http_client.py:32] [POST] http://localhost:28019/api/v1/user/login
2026-07-11 23:47:23 [INFO] [http_client.py:34] Body: {"loginName": "test_user_001", "password": "123456"}
2026-07-11 23:47:23 [INFO] [http_client.py:68] Status: 200
2026-07-11 23:47:23 [INFO] [http_client.py:72] Response: {
  "resultCode": 510,
  "message": "密码不能为空",
  "data": null
}
2026-07-11 23:47:23 [INFO] [http_client.py:32] [POST] http://localhost:28019/api/v1/user/register
2026-07-11 23:47:23 [INFO] [http_client.py:34] Body: {"loginName": "test_user_001", "password": "123456"}
2026-07-11 23:47:23 [INFO] [http_client.py:68] Status: 200
2026-07-11 23:47:23 [INFO] [http_client.py:72] Response: {
  "resultCode": 500,
  "message": "请输入正确的手机号！",
  "data": null
}
2026-07-11 23:47:23 [INFO] [http_client.py:32] [POST] http://localhost:28019/api/v1/user/login
2026-07-11 23:47:23 [INFO] [http_client.py:34] Body: {"loginName": "test_user_001", "password": "wrong_password"}
2026-07-11 23:47:23 [INFO] [http_client.py:68] Status: 200
2026-07-11 23:47:23 [INFO] [http_client.py:72] Response: {
  "resultCode": 510,
  "message": "密码不能为空",
  "data": null
}
2026-07-11 23:51:22 [INFO] [http_client.py:37] [POST] http://localhost:28019/api/v1/user/register
2026-07-11 23:51:22 [INFO] [http_client.py:39] Body: {"loginName": "13800138000", "password": "123456"}
2026-07-11 23:51:22 [INFO] [http_client.py:73] Status: 200
2026-07-11 23:51:22 [INFO] [http_client.py:77] Response: {
  "resultCode": 200,
  "message": "SUCCESS",
  "data": null
}
2026-07-11 23:51:22 [INFO] [http_client.py:37] [POST] http://localhost:28019/api/v1/user/login
2026-07-11 23:51:22 [INFO] [http_client.py:39] Body: {"loginName": "13800138000", "passwordMd5": "e10adc3949ba59abbe56e057f20f883e"}
2026-07-11 23:51:22 [INFO] [http_client.py:73] Status: 200
2026-07-11 23:51:22 [INFO] [http_client.py:77] Response: {
  "resultCode": 200,
  "message": "SUCCESS",
  "data": "5f679e3a9713375b1348fe1edfaace14"
}
2026-07-11 23:51:22 [INFO] [http_client.py:86] [Token已设置] 5f679e3a9713375b1348...
2026-07-11 23:51:22 [INFO] [http_client.py:37] [POST] http://localhost:28019/shop-cart
2026-07-11 23:51:22 [INFO] [http_client.py:39] Body: {"goodsId": 10893, "goodsCount": 1}
2026-07-11 23:51:22 [INFO] [http_client.py:73] Status: 404
2026-07-11 23:51:22 [INFO] [http_client.py:77] Response: {
  "timestamp": 1783785082696,
  "status": 404,
  "error": "Not Found",
  "path": "/shop-cart"
}
2026-07-11 23:51:22 [INFO] [http_client.py:37] [POST] http://localhost:28019/shop-cart
2026-07-11 23:51:22 [INFO] [http_client.py:39] Body: {"goodsId": 10893, "goodsCount": 1}
2026-07-11 23:51:22 [INFO] [http_client.py:73] Status: 404
2026-07-11 23:51:22 [INFO] [http_client.py:77] Response: {
  "timestamp": 1783785082818,
  "status": 404,
  "error": "Not Found",
  "path": "/shop-cart"
}
2026-07-11 23:51:22 [INFO] [http_client.py:28] [GET] http://localhost:28019/shop-cart
2026-07-11 23:51:22 [INFO] [http_client.py:73] Status: 404
2026-07-11 23:51:22 [INFO] [http_client.py:77] Response: {
  "timestamp": 1783785082821,
  "status": 404,
  "error": "Not Found",
  "path": "/shop-cart"
}
2026-07-11 23:51:22 [INFO] [http_client.py:37] [POST] http://localhost:28019/shop-cart
2026-07-11 23:51:22 [INFO] [http_client.py:39] Body: {"goodsId": 10893, "goodsCount": 2}
2026-07-11 23:51:22 [INFO] [http_client.py:73] Status: 404
2026-07-11 23:51:22 [INFO] [http_client.py:77] Response: {
  "timestamp": 1783785082834,
  "status": 404,
  "error": "Not Found",
  "path": "/shop-cart"
}
2026-07-11 23:51:22 [INFO] [http_client.py:28] [GET] http://localhost:28019/search
2026-07-11 23:51:22 [INFO] [http_client.py:30] Params: {'keyword': '手机', 'pageNumber': 1, 'pageSize': 10}
2026-07-11 23:51:22 [INFO] [http_client.py:73] Status: 404
2026-07-11 23:51:22 [INFO] [http_client.py:77] Response: {
  "timestamp": 1783785082850,
  "status": 404,
  "error": "Not Found",
  "path": "/search"
}
2026-07-11 23:51:22 [INFO] [http_client.py:28] [GET] http://localhost:28019/goods/detail/10893
2026-07-11 23:51:22 [INFO] [http_client.py:73] Status: 404
2026-07-11 23:51:22 [INFO] [http_client.py:77] Response: {
  "timestamp": 1783785082864,
  "status": 404,
  "error": "Not Found",
  "path": "/goods/detail/10893"
}
2026-07-11 23:51:22 [INFO] [http_client.py:28] [GET] http://localhost:28019/categories
2026-07-11 23:51:22 [INFO] [http_client.py:73] Status: 404
2026-07-11 23:51:22 [INFO] [http_client.py:77] Response: {
  "timestamp": 1783785082876,
  "status": 404,
  "error": "Not Found",
  "path": "/categories"
}
2026-07-11 23:51:22 [INFO] [http_client.py:28] [GET] http://localhost:28019/goods/category
2026-07-11 23:51:22 [INFO] [http_client.py:73] Status: 404
2026-07-11 23:51:22 [INFO] [http_client.py:77] Response: {
  "timestamp": 1783785082880,
  "status": 404,
  "error": "Not Found",
  "path": "/goods/category"
}
2026-07-11 23:51:22 [INFO] [http_client.py:28] [GET] http://localhost:28019/search
2026-07-11 23:51:22 [INFO] [http_client.py:30] Params: {'keyword': 'abcdefg12345不存在', 'pageNumber': 1, 'pageSize': 10}
2026-07-11 23:51:22 [INFO] [http_client.py:73] Status: 404
2026-07-11 23:51:22 [INFO] [http_client.py:77] Response: {
  "timestamp": 1783785082893,
  "status": 404,
  "error": "Not Found",
  "path": "/search"
}
2026-07-11 23:51:22 [INFO] [http_client.py:37] [POST] http://localhost:28019/shop-cart
2026-07-11 23:51:22 [INFO] [http_client.py:39] Body: {"goodsId": 10893, "goodsCount": 1}
2026-07-11 23:51:22 [INFO] [http_client.py:73] Status: 404
2026-07-11 23:51:22 [INFO] [http_client.py:77] Response: {
  "timestamp": 1783785082908,
  "status": 404,
  "error": "Not Found",
  "path": "/shop-cart"
}
2026-07-11 23:51:22 [INFO] [http_client.py:28] [GET] http://localhost:28019/order
2026-07-11 23:51:22 [INFO] [http_client.py:30] Params: {'pageNumber': 1, 'pageSize': 10}
2026-07-11 23:51:22 [INFO] [http_client.py:73] Status: 404
2026-07-11 23:51:22 [INFO] [http_client.py:77] Response: {
  "timestamp": 1783785082920,
  "status": 404,
  "error": "Not Found",
  "path": "/order"
}
2026-07-11 23:51:22 [INFO] [test_user.py:32] 【用例开始】test_register_success，手机号: 13883785082
2026-07-11 23:51:22 [INFO] [http_client.py:37] [POST] http://localhost:28019/api/v1/user/register
2026-07-11 23:51:22 [INFO] [http_client.py:39] Body: {"loginName": "13883785082", "password": "123456"}
2026-07-11 23:51:22 [INFO] [http_client.py:73] Status: 200
2026-07-11 23:51:22 [INFO] [http_client.py:77] Response: {
  "resultCode": 200,
  "message": "SUCCESS",
  "data": null
}
2026-07-11 23:51:22 [INFO] [test_user.py:55] 【用例通过】test_register_success
2026-07-11 23:51:22 [INFO] [http_client.py:37] [POST] http://localhost:28019/api/v1/user/register
2026-07-11 23:51:22 [INFO] [http_client.py:39] Body: {"loginName": "13883785082", "password": "123456"}
2026-07-11 23:51:22 [INFO] [http_client.py:73] Status: 200
2026-07-11 23:51:22 [INFO] [http_client.py:77] Response: {
  "resultCode": 500,
  "message": "用户名已存在！",
  "data": null
}
2026-07-11 23:51:22 [INFO] [http_client.py:37] [POST] http://localhost:28019/api/v1/user/register
2026-07-11 23:51:22 [INFO] [http_client.py:39] Body: {"loginName": "13883785082", "password": "123456"}
2026-07-11 23:51:22 [INFO] [http_client.py:73] Status: 200
2026-07-11 23:51:22 [INFO] [http_client.py:77] Response: {
  "resultCode": 500,
  "message": "用户名已存在！",
  "data": null
}
2026-07-11 23:51:22 [INFO] [http_client.py:37] [POST] http://localhost:28019/api/v1/user/register
2026-07-11 23:51:22 [INFO] [http_client.py:39] Body: {"loginName": "13800138001", "password": "123456"}
2026-07-11 23:51:23 [INFO] [http_client.py:73] Status: 200
2026-07-11 23:51:23 [INFO] [http_client.py:77] Response: {
  "resultCode": 200,
  "message": "SUCCESS",
  "data": null
}
2026-07-11 23:51:23 [INFO] [http_client.py:37] [POST] http://localhost:28019/api/v1/user/login
2026-07-11 23:51:23 [INFO] [http_client.py:39] Body: {"loginName": "13800138001", "passwordMd5": "e10adc3949ba59abbe56e057f20f883e"}
2026-07-11 23:51:23 [INFO] [http_client.py:73] Status: 200
2026-07-11 23:51:23 [INFO] [http_client.py:77] Response: {
  "resultCode": 200,
  "message": "SUCCESS",
  "data": "724b029fe7d1dd162ac52137eeec0d12"
}
2026-07-11 23:51:23 [INFO] [http_client.py:37] [POST] http://localhost:28019/api/v1/user/register
2026-07-11 23:51:23 [INFO] [http_client.py:39] Body: {"loginName": "13800138001", "password": "123456"}
2026-07-11 23:51:23 [INFO] [http_client.py:73] Status: 200
2026-07-11 23:51:23 [INFO] [http_client.py:77] Response: {
  "resultCode": 500,
  "message": "用户名已存在！",
  "data": null
}
2026-07-11 23:51:23 [INFO] [http_client.py:37] [POST] http://localhost:28019/api/v1/user/login
2026-07-11 23:51:23 [INFO] [http_client.py:39] Body: {"loginName": "13800138001", "passwordMd5": "93974254b059ee3fc96b8086241c4b9d"}
2026-07-11 23:51:23 [INFO] [http_client.py:73] Status: 200
2026-07-11 23:51:23 [INFO] [http_client.py:77] Response: {
  "resultCode": 500,
  "message": "登录失败！",
  "data": null
}
2026-07-11 23:59:41 [INFO] [http_client.py:37] [POST] http://localhost:28019/api/v1/user/register
2026-07-11 23:59:41 [INFO] [http_client.py:39] Body: {"loginName": "13800138000", "password": "123456"}
2026-07-11 23:59:42 [INFO] [http_client.py:73] Status: 200
2026-07-11 23:59:42 [INFO] [http_client.py:77] Response: {
  "resultCode": 500,
  "message": "用户名已存在！",
  "data": null
}
2026-07-11 23:59:42 [INFO] [http_client.py:37] [POST] http://localhost:28019/api/v1/user/login
2026-07-11 23:59:42 [INFO] [http_client.py:39] Body: {"loginName": "13800138000", "passwordMd5": "e10adc3949ba59abbe56e057f20f883e"}
2026-07-11 23:59:42 [INFO] [http_client.py:73] Status: 200
2026-07-11 23:59:42 [INFO] [http_client.py:77] Response: {
  "resultCode": 200,
  "message": "SUCCESS",
  "data": "50a62e1a9c540fa671b5af42ed3ddae5"
}
2026-07-11 23:59:42 [INFO] [http_client.py:86] [Token已设置] 50a62e1a9c540fa671b5...
2026-07-11 23:59:42 [INFO] [http_client.py:37] [POST] http://localhost:28019/api/v1/shop-cart
2026-07-11 23:59:42 [INFO] [http_client.py:39] Body: {"goodsId": 10893, "goodsCount": 1}
2026-07-11 23:59:42 [INFO] [http_client.py:73] Status: 200
2026-07-11 23:59:42 [INFO] [http_client.py:77] Response: {
  "resultCode": 200,
  "message": "SUCCESS",
  "data": null
}
2026-07-11 23:59:42 [INFO] [http_client.py:28] [GET] http://localhost:28019/api/v1/shop-cart
2026-07-11 23:59:42 [INFO] [http_client.py:73] Status: 200
2026-07-11 23:59:42 [INFO] [http_client.py:77] Response: {
  "resultCode": 200,
  "message": "SUCCESS",
  "data": [
    {
      "cartItemId": 20,
      "goodsId": 10893,
      "goodsCount": 1,
      "goodsName": "HUAWEI Mate 30 Pro 双4000万徕卡电...",
      "goodsCoverImg": "/goods-img/mate30p2.png",
      "sellingPrice": 5399
    }
  ]
}
2026-07-11 23:59:42 [INFO] [http_client.py:37] [POST] http://localhost:28019/api/v1/shop-cart
2026-07-11 23:59:42 [INFO] [http_client.py:39] Body: {"goodsId": 10893, "goodsCount": 1}
2026-07-11 23:59:42 [INFO] [http_client.py:73] Status: 200
2026-07-11 23:59:42 [INFO] [http_client.py:77] Response: {
  "resultCode": 500,
  "message": "已存在！无需重复添加！",
  "data": null
}
2026-07-11 23:59:42 [INFO] [http_client.py:28] [GET] http://localhost:28019/api/v1/shop-cart
2026-07-11 23:59:42 [INFO] [http_client.py:73] Status: 200
2026-07-11 23:59:42 [INFO] [http_client.py:77] Response: {
  "resultCode": 200,
  "message": "SUCCESS",
  "data": [
    {
      "cartItemId": 20,
      "goodsId": 10893,
      "goodsCount": 1,
      "goodsName": "HUAWEI Mate 30 Pro 双4000万徕卡电...",
      "goodsCoverImg": "/goods-img/mate30p2.png",
      "sellingPrice": 5399
    }
  ]
}
2026-07-11 23:59:42 [INFO] [http_client.py:37] [POST] http://localhost:28019/api/v1/shop-cart
2026-07-11 23:59:42 [INFO] [http_client.py:39] Body: {"goodsId": 10893, "goodsCount": 2}
2026-07-11 23:59:42 [INFO] [http_client.py:73] Status: 200
2026-07-11 23:59:42 [INFO] [http_client.py:77] Response: {
  "resultCode": 500,
  "message": "已存在！无需重复添加！",
  "data": null
}
2026-07-11 23:59:42 [INFO] [http_client.py:28] [GET] http://localhost:28019/api/v1/search
2026-07-11 23:59:42 [INFO] [http_client.py:30] Params: {'keyword': '手机', 'pageNumber': 1, 'pageSize': 10}
2026-07-11 23:59:42 [INFO] [http_client.py:73] Status: 200
2026-07-11 23:59:42 [INFO] [http_client.py:77] Response: {
  "resultCode": 200,
  "message": "SUCCESS",
  "data": {
    "totalCount": 298,
    "pageSize": 10,
    "totalPage": 30,
    "currPage": 1,
    "list": [
      {
        "goodsId": 10161,
        "goodsName": "荣耀原装三键线控带麦半入耳式耳机AM116(尊爵版)适用...",
        "goodsIntro": "新蜂精选",
        "goodsCoverImg": "/goods-img/183481c3-47ff-4b2e-926f-b02b926ac02c.jpg",
        "sellingPrice": 49
      },
      {
        "goodsId": 10162,
        "goodsName": "诺基亚（NOKIA）BH-705 银白色 5.0真无线蓝...",
        "goodsIntr
2026-07-11 23:59:42 [INFO] [http_client.py:28] [GET] http://localhost:28019/api/v1/goods/detail/10893
2026-07-11 23:59:42 [INFO] [http_client.py:73] Status: 200
2026-07-11 23:59:42 [INFO] [http_client.py:77] Response: {
  "resultCode": 200,
  "message": "SUCCESS",
  "data": {
    "goodsId": 10893,
    "goodsName": "HUAWEI Mate 30 Pro 双4000万徕卡电影四摄",
    "goodsIntro": "超曲面OLED环幕屏 8GB+256GB 全网通4G版（星河银）",
    "goodsCoverImg": "/goods-img/mate30p2.png",
    "sellingPrice": 5399,
    "tag": "重构想象",
    "goodsCarouselList": [
      "/goods-img/mate30p2.png"
    ],
    "originalPrice": 5399,
    "goodsDetailContent": "<div id=\"activity_header\" style=\"margin:0px;padding:0px;color:#666666;font-family:tahoma, arial, 
2026-07-11 23:59:42 [INFO] [http_client.py:28] [GET] http://localhost:28019/api/v1/categories
2026-07-11 23:59:42 [INFO] [http_client.py:73] Status: 200
2026-07-11 23:59:42 [INFO] [http_client.py:77] Response: {
  "resultCode": 200,
  "message": "SUCCESS",
  "data": [
    {
      "categoryId": 15,
      "categoryLevel": 1,
      "categoryName": "家电 数码 手机",
      "secondLevelCategoryVOS": [
        {
          "categoryId": 17,
          "parentId": 15,
          "categoryLevel": 2,
          "categoryName": "家电",
          "thirdLevelCategoryVOS": [
            {
              "categoryId": 30,
              "categoryLevel": 3,
              "categoryName": "卷发器"
            },
            {
         
2026-07-11 23:59:42 [INFO] [http_client.py:28] [GET] http://localhost:28019/api/v1/search
2026-07-11 23:59:42 [INFO] [http_client.py:30] Params: {'keyword': 'abcdefg12345不存在', 'pageNumber': 1, 'pageSize': 10}
2026-07-11 23:59:42 [INFO] [http_client.py:73] Status: 200
2026-07-11 23:59:42 [INFO] [http_client.py:77] Response: {
  "resultCode": 200,
  "message": "SUCCESS",
  "data": {
    "totalCount": 0,
    "pageSize": 10,
    "totalPage": 0,
    "currPage": 1,
    "list": []
  }
}
2026-07-11 23:59:42 [INFO] [http_client.py:37] [POST] http://localhost:28019/api/v1/shop-cart
2026-07-11 23:59:42 [INFO] [http_client.py:39] Body: {"goodsId": 10893, "goodsCount": 1}
2026-07-11 23:59:42 [INFO] [http_client.py:73] Status: 200
2026-07-11 23:59:42 [INFO] [http_client.py:77] Response: {
  "resultCode": 500,
  "message": "已存在！无需重复添加！",
  "data": null
}
2026-07-11 23:59:42 [INFO] [http_client.py:28] [GET] http://localhost:28019/api/v1/orders
2026-07-11 23:59:42 [INFO] [http_client.py:30] Params: {'pageNumber': 1, 'pageSize': 10}
2026-07-11 23:59:42 [INFO] [http_client.py:73] Status: 404
2026-07-11 23:59:42 [INFO] [http_client.py:77] Response: {
  "timestamp": 1783785582270,
  "status": 404,
  "error": "Not Found",
  "path": "/api/v1/orders"
}
2026-07-11 23:59:42 [INFO] [test_user.py:32] 【用例开始】test_register_success，手机号: 13883785582
2026-07-11 23:59:42 [INFO] [http_client.py:37] [POST] http://localhost:28019/api/v1/user/register
2026-07-11 23:59:42 [INFO] [http_client.py:39] Body: {"loginName": "13883785582", "password": "123456"}
2026-07-11 23:59:42 [INFO] [http_client.py:73] Status: 200
2026-07-11 23:59:42 [INFO] [http_client.py:77] Response: {
  "resultCode": 200,
  "message": "SUCCESS",
  "data": null
}
2026-07-11 23:59:42 [INFO] [test_user.py:55] 【用例通过】test_register_success
2026-07-11 23:59:42 [INFO] [http_client.py:37] [POST] http://localhost:28019/api/v1/user/register
2026-07-11 23:59:42 [INFO] [http_client.py:39] Body: {"loginName": "13883785582", "password": "123456"}
2026-07-11 23:59:42 [INFO] [http_client.py:73] Status: 200
2026-07-11 23:59:42 [INFO] [http_client.py:77] Response: {
  "resultCode": 500,
  "message": "用户名已存在！",
  "data": null
}
2026-07-11 23:59:42 [INFO] [http_client.py:37] [POST] http://localhost:28019/api/v1/user/register
2026-07-11 23:59:42 [INFO] [http_client.py:39] Body: {"loginName": "13883785582", "password": "123456"}
2026-07-11 23:59:42 [INFO] [http_client.py:73] Status: 200
2026-07-11 23:59:42 [INFO] [http_client.py:77] Response: {
  "resultCode": 500,
  "message": "用户名已存在！",
  "data": null
}
2026-07-11 23:59:42 [INFO] [http_client.py:37] [POST] http://localhost:28019/api/v1/user/register
2026-07-11 23:59:42 [INFO] [http_client.py:39] Body: {"loginName": "13800138001", "password": "123456"}
2026-07-11 23:59:42 [INFO] [http_client.py:73] Status: 200
2026-07-11 23:59:42 [INFO] [http_client.py:77] Response: {
  "resultCode": 500,
  "message": "用户名已存在！",
  "data": null
}
2026-07-11 23:59:42 [INFO] [http_client.py:37] [POST] http://localhost:28019/api/v1/user/login
2026-07-11 23:59:42 [INFO] [http_client.py:39] Body: {"loginName": "13800138001", "passwordMd5": "e10adc3949ba59abbe56e057f20f883e"}
2026-07-11 23:59:42 [INFO] [http_client.py:73] Status: 200
2026-07-11 23:59:42 [INFO] [http_client.py:77] Response: {
  "resultCode": 200,
  "message": "SUCCESS",
  "data": "7fa1a7b884b418edc1b7e37003ef92cb"
}
2026-07-11 23:59:42 [INFO] [http_client.py:37] [POST] http://localhost:28019/api/v1/user/register
2026-07-11 23:59:42 [INFO] [http_client.py:39] Body: {"loginName": "13800138001", "password": "123456"}
2026-07-11 23:59:42 [INFO] [http_client.py:73] Status: 200
2026-07-11 23:59:42 [INFO] [http_client.py:77] Response: {
  "resultCode": 500,
  "message": "用户名已存在！",
  "data": null
}
2026-07-11 23:59:42 [INFO] [http_client.py:37] [POST] http://localhost:28019/api/v1/user/login
2026-07-11 23:59:42 [INFO] [http_client.py:39] Body: {"loginName": "13800138001", "passwordMd5": "93974254b059ee3fc96b8086241c4b9d"}
2026-07-11 23:59:42 [INFO] [http_client.py:73] Status: 200
2026-07-11 23:59:42 [INFO] [http_client.py:77] Response: {
  "resultCode": 500,
  "message": "登录失败！",
  "data": null
}
