2026-07-12 00:03:12 [INFO] [http_client.py:37] [POST] http://localhost:28019/api/v1/user/register
2026-07-12 00:03:12 [INFO] [http_client.py:39] Body: {"loginName": "13800138000", "password": "123456"}
2026-07-12 00:03:12 [INFO] [http_client.py:73] Status: 200
2026-07-12 00:03:12 [INFO] [http_client.py:77] Response: {
  "resultCode": 500,
  "message": "用户名已存在！",
  "data": null
}
2026-07-12 00:03:12 [INFO] [http_client.py:37] [POST] http://localhost:28019/api/v1/user/login
2026-07-12 00:03:12 [INFO] [http_client.py:39] Body: {"loginName": "13800138000", "passwordMd5": "e10adc3949ba59abbe56e057f20f883e"}
2026-07-12 00:03:12 [INFO] [http_client.py:73] Status: 200
2026-07-12 00:03:12 [INFO] [http_client.py:77] Response: {
  "resultCode": 200,
  "message": "SUCCESS",
  "data": "5329c39dec15b320675c97a12a8b9a7e"
}
2026-07-12 00:03:12 [INFO] [http_client.py:86] [Token已设置] 5329c39dec15b320675c...
2026-07-12 00:03:12 [INFO] [http_client.py:37] [POST] http://localhost:28019/api/v1/shop-cart
2026-07-12 00:03:12 [INFO] [http_client.py:39] Body: {"goodsId": 10893, "goodsCount": 1}
2026-07-12 00:03:12 [INFO] [http_client.py:73] Status: 200
2026-07-12 00:03:12 [INFO] [http_client.py:77] Response: {
  "resultCode": 500,
  "message": "已存在！无需重复添加！",
  "data": null
}
2026-07-12 00:03:13 [INFO] [http_client.py:37] [POST] http://localhost:28019/api/v1/shop-cart
2026-07-12 00:03:13 [INFO] [http_client.py:39] Body: {"goodsId": 10893, "goodsCount": 1}
2026-07-12 00:03:13 [INFO] [http_client.py:73] Status: 200
2026-07-12 00:03:13 [INFO] [http_client.py:77] Response: {
  "resultCode": 500,
  "message": "已存在！无需重复添加！",
  "data": null
}
2026-07-12 00:03:13 [INFO] [http_client.py:28] [GET] http://localhost:28019/api/v1/shop-cart
2026-07-12 00:03:13 [INFO] [http_client.py:73] Status: 200
2026-07-12 00:03:13 [INFO] [http_client.py:77] Response: {
  "resultCode": 200,
  "message": "SUCCESS",
  "data": [
    {
      "cartItemId": 20,
      "goodsId": 10893,
      "goodsCount": 1,
      "goodsName": "HUAWEI Mate 30 Pro 双4000万徕卡电...",
      "goodsCoverImg": "/goods-img/mate30p2.png",
      "sellingPrice": 5399
    }
  ]
}
2026-07-12 00:03:13 [INFO] [http_client.py:37] [POST] http://localhost:28019/api/v1/shop-cart
2026-07-12 00:03:13 [INFO] [http_client.py:39] Body: {"goodsId": 10893, "goodsCount": 2}
2026-07-12 00:03:13 [INFO] [http_client.py:73] Status: 200
2026-07-12 00:03:13 [INFO] [http_client.py:77] Response: {
  "resultCode": 200,
  "message": "SUCCESS",
  "data": null
}
2026-07-12 00:03:13 [INFO] [http_client.py:28] [GET] http://localhost:28019/api/v1/search
2026-07-12 00:03:13 [INFO] [http_client.py:30] Params: {'keyword': '手机', 'pageNumber': 1, 'pageSize': 10}
2026-07-12 00:03:13 [INFO] [http_client.py:73] Status: 200
2026-07-12 00:03:13 [INFO] [http_client.py:77] Response: {
  "resultCode": 200,
  "message": "SUCCESS",
  "data": {
    "totalCount": 298,
    "pageSize": 10,
    "totalPage": 30,
    "currPage": 1,
    "list": [
      {
        "goodsId": 10161,
        "goodsName": "荣耀原装三键线控带麦半入耳式耳机AM116(尊爵版)适用...",
        "goodsIntro": "新蜂精选",
        "goodsCoverImg": "/goods-img/183481c3-47ff-4b2e-926f-b02b926ac02c.jpg",
        "sellingPrice": 49
      },
      {
        "goodsId": 10162,
        "goodsName": "诺基亚（NOKIA）BH-705 银白色 5.0真无线蓝...",
        "goodsIntr
2026-07-12 00:03:13 [INFO] [http_client.py:28] [GET] http://localhost:28019/api/v1/goods/detail/10893
2026-07-12 00:03:13 [INFO] [http_client.py:73] Status: 200
2026-07-12 00:03:13 [INFO] [http_client.py:77] Response: {
  "resultCode": 200,
  "message": "SUCCESS",
  "data": {
    "goodsId": 10893,
    "goodsName": "HUAWEI Mate 30 Pro 双4000万徕卡电影四摄",
    "goodsIntro": "超曲面OLED环幕屏 8GB+256GB 全网通4G版（星河银）",
    "goodsCoverImg": "/goods-img/mate30p2.png",
    "sellingPrice": 5399,
    "tag": "重构想象",
    "goodsCarouselList": [
      "/goods-img/mate30p2.png"
    ],
    "originalPrice": 5399,
    "goodsDetailContent": "<div id=\"activity_header\" style=\"margin:0px;padding:0px;color:#666666;font-family:tahoma, arial, 
2026-07-12 00:03:13 [INFO] [http_client.py:28] [GET] http://localhost:28019/api/v1/categories
2026-07-12 00:03:13 [INFO] [http_client.py:73] Status: 200
2026-07-12 00:03:13 [INFO] [http_client.py:77] Response: {
  "resultCode": 200,
  "message": "SUCCESS",
  "data": [
    {
      "categoryId": 15,
      "categoryLevel": 1,
      "categoryName": "家电 数码 手机",
      "secondLevelCategoryVOS": [
        {
          "categoryId": 17,
          "parentId": 15,
          "categoryLevel": 2,
          "categoryName": "家电",
          "thirdLevelCategoryVOS": [
            {
              "categoryId": 30,
              "categoryLevel": 3,
              "categoryName": "卷发器"
            },
            {
         
2026-07-12 00:03:13 [INFO] [http_client.py:28] [GET] http://localhost:28019/api/v1/search
2026-07-12 00:03:13 [INFO] [http_client.py:30] Params: {'keyword': 'abcdefg12345不存在', 'pageNumber': 1, 'pageSize': 10}
2026-07-12 00:03:13 [INFO] [http_client.py:73] Status: 200
2026-07-12 00:03:13 [INFO] [http_client.py:77] Response: {
  "resultCode": 200,
  "message": "SUCCESS",
  "data": {
    "totalCount": 0,
    "pageSize": 10,
    "totalPage": 0,
    "currPage": 1,
    "list": []
  }
}
2026-07-12 00:03:13 [INFO] [http_client.py:37] [POST] http://localhost:28019/api/v1/shop-cart
2026-07-12 00:03:13 [INFO] [http_client.py:39] Body: {"goodsId": 10893, "goodsCount": 1}
2026-07-12 00:03:13 [INFO] [http_client.py:73] Status: 200
2026-07-12 00:03:13 [INFO] [http_client.py:77] Response: {
  "resultCode": 200,
  "message": "SUCCESS",
  "data": null
}
2026-07-12 00:03:13 [INFO] [http_client.py:28] [GET] http://localhost:28019/api/v1/shop-cart
2026-07-12 00:03:13 [INFO] [http_client.py:73] Status: 200
2026-07-12 00:03:13 [INFO] [http_client.py:77] Response: {
  "resultCode": 200,
  "message": "SUCCESS",
  "data": [
    {
      "cartItemId": 22,
      "goodsId": 10893,
      "goodsCount": 1,
      "goodsName": "HUAWEI Mate 30 Pro 双4000万徕卡电...",
      "goodsCoverImg": "/goods-img/mate30p2.png",
      "sellingPrice": 5399
    }
  ]
}
2026-07-12 00:03:13 [INFO] [http_client.py:37] [POST] http://localhost:28019/api/v1/saveOrder
2026-07-12 00:03:13 [INFO] [http_client.py:39] Body: {"cartItemIds": [22]}
2026-07-12 00:03:13 [INFO] [http_client.py:73] Status: 200
2026-07-12 00:03:13 [INFO] [http_client.py:77] Response: {
  "resultCode": 500,
  "message": "参数错误！",
  "data": null
}
2026-07-12 00:03:13 [INFO] [http_client.py:28] [GET] http://localhost:28019/api/v1/orders
2026-07-12 00:03:13 [INFO] [http_client.py:30] Params: {'pageNumber': 1, 'pageSize': 10}
2026-07-12 00:03:13 [INFO] [http_client.py:73] Status: 404
2026-07-12 00:03:13 [INFO] [http_client.py:77] Response: {
  "timestamp": 1783785793176,
  "status": 404,
  "error": "Not Found",
  "path": "/api/v1/orders"
}
2026-07-12 00:03:13 [INFO] [test_user.py:32] 【用例开始】test_register_success，手机号: 13883785793
2026-07-12 00:03:13 [INFO] [http_client.py:37] [POST] http://localhost:28019/api/v1/user/register
2026-07-12 00:03:13 [INFO] [http_client.py:39] Body: {"loginName": "13883785793", "password": "123456"}
2026-07-12 00:03:13 [INFO] [http_client.py:73] Status: 200
2026-07-12 00:03:13 [INFO] [http_client.py:77] Response: {
  "resultCode": 200,
  "message": "SUCCESS",
  "data": null
}
2026-07-12 00:03:13 [INFO] [test_user.py:55] 【用例通过】test_register_success
2026-07-12 00:03:13 [INFO] [http_client.py:37] [POST] http://localhost:28019/api/v1/user/register
2026-07-12 00:03:13 [INFO] [http_client.py:39] Body: {"loginName": "13883785793", "password": "123456"}
2026-07-12 00:03:13 [INFO] [http_client.py:73] Status: 200
2026-07-12 00:03:13 [INFO] [http_client.py:77] Response: {
  "resultCode": 500,
  "message": "用户名已存在！",
  "data": null
}
2026-07-12 00:03:13 [INFO] [http_client.py:37] [POST] http://localhost:28019/api/v1/user/register
2026-07-12 00:03:13 [INFO] [http_client.py:39] Body: {"loginName": "13883785793", "password": "123456"}
2026-07-12 00:03:13 [INFO] [http_client.py:73] Status: 200
2026-07-12 00:03:13 [INFO] [http_client.py:77] Response: {
  "resultCode": 500,
  "message": "用户名已存在！",
  "data": null
}
2026-07-12 00:03:13 [INFO] [http_client.py:37] [POST] http://localhost:28019/api/v1/user/register
2026-07-12 00:03:13 [INFO] [http_client.py:39] Body: {"loginName": "13800138001", "password": "123456"}
2026-07-12 00:03:13 [INFO] [http_client.py:73] Status: 200
2026-07-12 00:03:13 [INFO] [http_client.py:77] Response: {
  "resultCode": 500,
  "message": "用户名已存在！",
  "data": null
}
2026-07-12 00:03:13 [INFO] [http_client.py:37] [POST] http://localhost:28019/api/v1/user/login
2026-07-12 00:03:13 [INFO] [http_client.py:39] Body: {"loginName": "13800138001", "passwordMd5": "e10adc3949ba59abbe56e057f20f883e"}
2026-07-12 00:03:13 [INFO] [http_client.py:73] Status: 200
2026-07-12 00:03:13 [INFO] [http_client.py:77] Response: {
  "resultCode": 200,
  "message": "SUCCESS",
  "data": "75d945ba96a722c3c3b4cde02933d5ad"
}
2026-07-12 00:03:13 [INFO] [http_client.py:37] [POST] http://localhost:28019/api/v1/user/register
2026-07-12 00:03:13 [INFO] [http_client.py:39] Body: {"loginName": "13800138001", "password": "123456"}
2026-07-12 00:03:13 [INFO] [http_client.py:73] Status: 200
2026-07-12 00:03:13 [INFO] [http_client.py:77] Response: {
  "resultCode": 500,
  "message": "用户名已存在！",
  "data": null
}
2026-07-12 00:03:13 [INFO] [http_client.py:37] [POST] http://localhost:28019/api/v1/user/login
2026-07-12 00:03:13 [INFO] [http_client.py:39] Body: {"loginName": "13800138001", "passwordMd5": "93974254b059ee3fc96b8086241c4b9d"}
2026-07-12 00:03:13 [INFO] [http_client.py:73] Status: 200
2026-07-12 00:03:13 [INFO] [http_client.py:77] Response: {
  "resultCode": 500,
  "message": "登录失败！",
  "data": null
}
2026-07-12 00:04:45 [INFO] [http_client.py:37] [POST] http://localhost:28019/api/v1/user/register
2026-07-12 00:04:45 [INFO] [http_client.py:39] Body: {"loginName": "13800138000", "password": "123456"}
2026-07-12 00:04:45 [INFO] [http_client.py:73] Status: 200
2026-07-12 00:04:45 [INFO] [http_client.py:77] Response: {
  "resultCode": 500,
  "message": "用户名已存在！",
  "data": null
}
2026-07-12 00:04:45 [INFO] [http_client.py:37] [POST] http://localhost:28019/api/v1/user/login
2026-07-12 00:04:45 [INFO] [http_client.py:39] Body: {"loginName": "13800138000", "passwordMd5": "e10adc3949ba59abbe56e057f20f883e"}
2026-07-12 00:04:45 [INFO] [http_client.py:73] Status: 200
2026-07-12 00:04:45 [INFO] [http_client.py:77] Response: {
  "resultCode": 200,
  "message": "SUCCESS",
  "data": "f8cf0291238dddd09df22d6cbb2d74d3"
}
2026-07-12 00:04:45 [INFO] [http_client.py:86] [Token已设置] f8cf0291238dddd09df2...
2026-07-12 00:04:45 [INFO] [http_client.py:37] [POST] http://localhost:28019/api/v1/shop-cart
2026-07-12 00:04:45 [INFO] [http_client.py:39] Body: {"goodsId": 10893, "goodsCount": 1}
2026-07-12 00:04:45 [INFO] [http_client.py:73] Status: 200
2026-07-12 00:04:45 [INFO] [http_client.py:77] Response: {
  "resultCode": 200,
  "message": "SUCCESS",
  "data": null
}
2026-07-12 00:04:45 [INFO] [http_client.py:28] [GET] http://localhost:28019/api/v1/shop-cart
2026-07-12 00:04:45 [INFO] [http_client.py:73] Status: 200
2026-07-12 00:04:45 [INFO] [http_client.py:77] Response: {
  "resultCode": 200,
  "message": "SUCCESS",
  "data": [
    {
      "cartItemId": 23,
      "goodsId": 10893,
      "goodsCount": 1,
      "goodsName": "HUAWEI Mate 30 Pro 双4000万徕卡电...",
      "goodsCoverImg": "/goods-img/mate30p2.png",
      "sellingPrice": 5399
    }
  ]
}
2026-07-12 00:04:45 [INFO] [http_client.py:37] [POST] http://localhost:28019/api/v1/shop-cart
2026-07-12 00:04:45 [INFO] [http_client.py:39] Body: {"goodsId": 10893, "goodsCount": 1}
2026-07-12 00:04:45 [INFO] [http_client.py:73] Status: 200
2026-07-12 00:04:45 [INFO] [http_client.py:77] Response: {
  "resultCode": 500,
  "message": "已存在！无需重复添加！",
  "data": null
}
2026-07-12 00:04:45 [INFO] [http_client.py:28] [GET] http://localhost:28019/api/v1/shop-cart
2026-07-12 00:04:45 [INFO] [http_client.py:73] Status: 200
2026-07-12 00:04:45 [INFO] [http_client.py:77] Response: {
  "resultCode": 200,
  "message": "SUCCESS",
  "data": [
    {
      "cartItemId": 23,
      "goodsId": 10893,
      "goodsCount": 1,
      "goodsName": "HUAWEI Mate 30 Pro 双4000万徕卡电...",
      "goodsCoverImg": "/goods-img/mate30p2.png",
      "sellingPrice": 5399
    }
  ]
}
2026-07-12 00:04:45 [INFO] [http_client.py:37] [POST] http://localhost:28019/api/v1/shop-cart
2026-07-12 00:04:45 [INFO] [http_client.py:39] Body: {"goodsId": 10893, "goodsCount": 2}
2026-07-12 00:04:45 [INFO] [http_client.py:73] Status: 200
2026-07-12 00:04:45 [INFO] [http_client.py:77] Response: {
  "resultCode": 200,
  "message": "SUCCESS",
  "data": null
}
2026-07-12 00:04:45 [INFO] [http_client.py:28] [GET] http://localhost:28019/api/v1/search
2026-07-12 00:04:45 [INFO] [http_client.py:30] Params: {'keyword': '手机', 'pageNumber': 1, 'pageSize': 10}
2026-07-12 00:04:45 [INFO] [http_client.py:73] Status: 200
2026-07-12 00:04:45 [INFO] [http_client.py:77] Response: {
  "resultCode": 200,
  "message": "SUCCESS",
  "data": {
    "totalCount": 298,
    "pageSize": 10,
    "totalPage": 30,
    "currPage": 1,
    "list": [
      {
        "goodsId": 10161,
        "goodsName": "荣耀原装三键线控带麦半入耳式耳机AM116(尊爵版)适用...",
        "goodsIntro": "新蜂精选",
        "goodsCoverImg": "/goods-img/183481c3-47ff-4b2e-926f-b02b926ac02c.jpg",
        "sellingPrice": 49
      },
      {
        "goodsId": 10162,
        "goodsName": "诺基亚（NOKIA）BH-705 银白色 5.0真无线蓝...",
        "goodsIntr
2026-07-12 00:04:45 [INFO] [http_client.py:28] [GET] http://localhost:28019/api/v1/goods/detail/10893
2026-07-12 00:04:45 [INFO] [http_client.py:73] Status: 200
2026-07-12 00:04:45 [INFO] [http_client.py:77] Response: {
  "resultCode": 200,
  "message": "SUCCESS",
  "data": {
    "goodsId": 10893,
    "goodsName": "HUAWEI Mate 30 Pro 双4000万徕卡电影四摄",
    "goodsIntro": "超曲面OLED环幕屏 8GB+256GB 全网通4G版（星河银）",
    "goodsCoverImg": "/goods-img/mate30p2.png",
    "sellingPrice": 5399,
    "tag": "重构想象",
    "goodsCarouselList": [
      "/goods-img/mate30p2.png"
    ],
    "originalPrice": 5399,
    "goodsDetailContent": "<div id=\"activity_header\" style=\"margin:0px;padding:0px;color:#666666;font-family:tahoma, arial, 
2026-07-12 00:04:45 [INFO] [http_client.py:28] [GET] http://localhost:28019/api/v1/categories
2026-07-12 00:04:45 [INFO] [http_client.py:73] Status: 200
2026-07-12 00:04:45 [INFO] [http_client.py:77] Response: {
  "resultCode": 200,
  "message": "SUCCESS",
  "data": [
    {
      "categoryId": 15,
      "categoryLevel": 1,
      "categoryName": "家电 数码 手机",
      "secondLevelCategoryVOS": [
        {
          "categoryId": 17,
          "parentId": 15,
          "categoryLevel": 2,
          "categoryName": "家电",
          "thirdLevelCategoryVOS": [
            {
              "categoryId": 30,
              "categoryLevel": 3,
              "categoryName": "卷发器"
            },
            {
         
2026-07-12 00:04:45 [INFO] [http_client.py:28] [GET] http://localhost:28019/api/v1/search
2026-07-12 00:04:45 [INFO] [http_client.py:30] Params: {'keyword': 'abcdefg12345不存在', 'pageNumber': 1, 'pageSize': 10}
2026-07-12 00:04:45 [INFO] [http_client.py:73] Status: 200
2026-07-12 00:04:45 [INFO] [http_client.py:77] Response: {
  "resultCode": 200,
  "message": "SUCCESS",
  "data": {
    "totalCount": 0,
    "pageSize": 10,
    "totalPage": 0,
    "currPage": 1,
    "list": []
  }
}
2026-07-12 00:04:45 [INFO] [http_client.py:37] [POST] http://localhost:28019/api/v1/shop-cart
2026-07-12 00:04:45 [INFO] [http_client.py:39] Body: {"goodsId": 10893, "goodsCount": 1}
2026-07-12 00:04:45 [INFO] [http_client.py:73] Status: 200
2026-07-12 00:04:45 [INFO] [http_client.py:77] Response: {
  "resultCode": 200,
  "message": "SUCCESS",
  "data": null
}
2026-07-12 00:04:45 [INFO] [http_client.py:28] [GET] http://localhost:28019/api/v1/shop-cart
2026-07-12 00:04:45 [INFO] [http_client.py:73] Status: 200
2026-07-12 00:04:45 [INFO] [http_client.py:77] Response: {
  "resultCode": 200,
  "message": "SUCCESS",
  "data": [
    {
      "cartItemId": 25,
      "goodsId": 10893,
      "goodsCount": 1,
      "goodsName": "HUAWEI Mate 30 Pro 双4000万徕卡电...",
      "goodsCoverImg": "/goods-img/mate30p2.png",
      "sellingPrice": 5399
    }
  ]
}
2026-07-12 00:04:45 [INFO] [http_client.py:37] [POST] http://localhost:28019/api/v1/saveOrder
2026-07-12 00:04:45 [INFO] [http_client.py:39] Body: {"cartItemIds": [25]}
2026-07-12 00:04:45 [INFO] [http_client.py:73] Status: 200
2026-07-12 00:04:45 [INFO] [http_client.py:77] Response: {
  "resultCode": 500,
  "message": "参数错误！",
  "data": null
}
2026-07-12 00:04:45 [INFO] [http_client.py:28] [GET] http://localhost:28019/api/v1/orders
2026-07-12 00:04:45 [INFO] [http_client.py:30] Params: {'pageNumber': 1, 'pageSize': 10}
2026-07-12 00:04:45 [INFO] [http_client.py:73] Status: 404
2026-07-12 00:04:45 [INFO] [http_client.py:77] Response: {
  "timestamp": 1783785885660,
  "status": 404,
  "error": "Not Found",
  "path": "/api/v1/orders"
}
2026-07-12 00:04:45 [INFO] [test_user.py:32] 【用例开始】test_register_success，手机号: 13883785885
2026-07-12 00:04:45 [INFO] [http_client.py:37] [POST] http://localhost:28019/api/v1/user/register
2026-07-12 00:04:45 [INFO] [http_client.py:39] Body: {"loginName": "13883785885", "password": "123456"}
2026-07-12 00:04:45 [INFO] [http_client.py:73] Status: 200
2026-07-12 00:04:45 [INFO] [http_client.py:77] Response: {
  "resultCode": 200,
  "message": "SUCCESS",
  "data": null
}
2026-07-12 00:04:45 [INFO] [test_user.py:55] 【用例通过】test_register_success
2026-07-12 00:04:45 [INFO] [http_client.py:37] [POST] http://localhost:28019/api/v1/user/register
2026-07-12 00:04:45 [INFO] [http_client.py:39] Body: {"loginName": "13883785885", "password": "123456"}
2026-07-12 00:04:45 [INFO] [http_client.py:73] Status: 200
2026-07-12 00:04:45 [INFO] [http_client.py:77] Response: {
  "resultCode": 500,
  "message": "用户名已存在！",
  "data": null
}
2026-07-12 00:04:45 [INFO] [http_client.py:37] [POST] http://localhost:28019/api/v1/user/register
2026-07-12 00:04:45 [INFO] [http_client.py:39] Body: {"loginName": "13883785885", "password": "123456"}
2026-07-12 00:04:45 [INFO] [http_client.py:73] Status: 200
2026-07-12 00:04:45 [INFO] [http_client.py:77] Response: {
  "resultCode": 500,
  "message": "用户名已存在！",
  "data": null
}
2026-07-12 00:04:45 [INFO] [http_client.py:37] [POST] http://localhost:28019/api/v1/user/register
2026-07-12 00:04:45 [INFO] [http_client.py:39] Body: {"loginName": "13800138001", "password": "123456"}
2026-07-12 00:04:45 [INFO] [http_client.py:73] Status: 200
2026-07-12 00:04:45 [INFO] [http_client.py:77] Response: {
  "resultCode": 500,
  "message": "用户名已存在！",
  "data": null
}
2026-07-12 00:04:45 [INFO] [http_client.py:37] [POST] http://localhost:28019/api/v1/user/login
2026-07-12 00:04:45 [INFO] [http_client.py:39] Body: {"loginName": "13800138001", "passwordMd5": "e10adc3949ba59abbe56e057f20f883e"}
2026-07-12 00:04:45 [INFO] [http_client.py:73] Status: 200
2026-07-12 00:04:45 [INFO] [http_client.py:77] Response: {
  "resultCode": 200,
  "message": "SUCCESS",
  "data": "a72d040706522fa64da3ea70b0604e85"
}
2026-07-12 00:04:45 [INFO] [http_client.py:37] [POST] http://localhost:28019/api/v1/user/register
2026-07-12 00:04:45 [INFO] [http_client.py:39] Body: {"loginName": "13800138001", "password": "123456"}
2026-07-12 00:04:45 [INFO] [http_client.py:73] Status: 200
2026-07-12 00:04:45 [INFO] [http_client.py:77] Response: {
  "resultCode": 500,
  "message": "用户名已存在！",
  "data": null
}
2026-07-12 00:04:45 [INFO] [http_client.py:37] [POST] http://localhost:28019/api/v1/user/login
2026-07-12 00:04:45 [INFO] [http_client.py:39] Body: {"loginName": "13800138001", "passwordMd5": "93974254b059ee3fc96b8086241c4b9d"}
2026-07-12 00:04:45 [INFO] [http_client.py:73] Status: 200
2026-07-12 00:04:45 [INFO] [http_client.py:77] Response: {
  "resultCode": 500,
  "message": "登录失败！",
  "data": null
}
2026-07-12 00:32:05 [INFO] [http_client.py:37] [POST] http://localhost:28019/api/v1/user/register
2026-07-12 00:32:05 [INFO] [http_client.py:39] Body: {"loginName": "13800138000", "password": "123456"}
2026-07-12 00:32:05 [INFO] [http_client.py:73] Status: 200
2026-07-12 00:32:05 [INFO] [http_client.py:77] Response: {
  "resultCode": 500,
  "message": "用户名已存在！",
  "data": null
}
2026-07-12 00:32:05 [INFO] [http_client.py:37] [POST] http://localhost:28019/api/v1/user/login
2026-07-12 00:32:05 [INFO] [http_client.py:39] Body: {"loginName": "13800138000", "passwordMd5": "e10adc3949ba59abbe56e057f20f883e"}
2026-07-12 00:32:05 [INFO] [http_client.py:73] Status: 200
2026-07-12 00:32:05 [INFO] [http_client.py:77] Response: {
  "resultCode": 200,
  "message": "SUCCESS",
  "data": "6b22fed433ea3819d8c912b3149837ba"
}
2026-07-12 00:32:05 [INFO] [http_client.py:86] [Token已设置] 6b22fed433ea3819d8c9...
2026-07-12 00:32:05 [INFO] [http_client.py:37] [POST] http://localhost:28019/api/v1/shop-cart
2026-07-12 00:32:05 [INFO] [http_client.py:39] Body: {"goodsId": 10893, "goodsCount": 1}
2026-07-12 00:32:05 [INFO] [http_client.py:73] Status: 200
2026-07-12 00:32:05 [INFO] [http_client.py:77] Response: {
  "resultCode": 200,
  "message": "SUCCESS",
  "data": null
}
2026-07-12 00:32:05 [INFO] [http_client.py:28] [GET] http://localhost:28019/api/v1/shop-cart
2026-07-12 00:32:05 [INFO] [http_client.py:73] Status: 200
2026-07-12 00:32:05 [INFO] [http_client.py:77] Response: {
  "resultCode": 200,
  "message": "SUCCESS",
  "data": [
    {
      "cartItemId": 26,
      "goodsId": 10893,
      "goodsCount": 1,
      "goodsName": "HUAWEI Mate 30 Pro 双4000万徕卡电...",
      "goodsCoverImg": "/goods-img/mate30p2.png",
      "sellingPrice": 5399
    }
  ]
}
2026-07-12 00:32:05 [INFO] [http_client.py:37] [POST] http://localhost:28019/api/v1/shop-cart
2026-07-12 00:32:05 [INFO] [http_client.py:39] Body: {"goodsId": 10893, "goodsCount": 1}
2026-07-12 00:32:05 [INFO] [http_client.py:73] Status: 200
2026-07-12 00:32:05 [INFO] [http_client.py:77] Response: {
  "resultCode": 500,
  "message": "已存在！无需重复添加！",
  "data": null
}
2026-07-12 00:32:05 [INFO] [http_client.py:28] [GET] http://localhost:28019/api/v1/shop-cart
2026-07-12 00:32:05 [INFO] [http_client.py:73] Status: 200
2026-07-12 00:32:05 [INFO] [http_client.py:77] Response: {
  "resultCode": 200,
  "message": "SUCCESS",
  "data": [
    {
      "cartItemId": 26,
      "goodsId": 10893,
      "goodsCount": 1,
      "goodsName": "HUAWEI Mate 30 Pro 双4000万徕卡电...",
      "goodsCoverImg": "/goods-img/mate30p2.png",
      "sellingPrice": 5399
    }
  ]
}
2026-07-12 00:32:06 [INFO] [http_client.py:37] [POST] http://localhost:28019/api/v1/shop-cart
2026-07-12 00:32:06 [INFO] [http_client.py:39] Body: {"goodsId": 10893, "goodsCount": 2}
2026-07-12 00:32:06 [INFO] [http_client.py:73] Status: 200
2026-07-12 00:32:06 [INFO] [http_client.py:77] Response: {
  "resultCode": 200,
  "message": "SUCCESS",
  "data": null
}
2026-07-12 00:32:06 [INFO] [http_client.py:28] [GET] http://localhost:28019/api/v1/search
2026-07-12 00:32:06 [INFO] [http_client.py:30] Params: {'keyword': '手机', 'pageNumber': 1, 'pageSize': 10}
2026-07-12 00:32:06 [INFO] [http_client.py:73] Status: 200
2026-07-12 00:32:06 [INFO] [http_client.py:77] Response: {
  "resultCode": 200,
  "message": "SUCCESS",
  "data": {
    "totalCount": 298,
    "pageSize": 10,
    "totalPage": 30,
    "currPage": 1,
    "list": [
      {
        "goodsId": 10161,
        "goodsName": "荣耀原装三键线控带麦半入耳式耳机AM116(尊爵版)适用...",
        "goodsIntro": "新蜂精选",
        "goodsCoverImg": "/goods-img/183481c3-47ff-4b2e-926f-b02b926ac02c.jpg",
        "sellingPrice": 49
      },
      {
        "goodsId": 10162,
        "goodsName": "诺基亚（NOKIA）BH-705 银白色 5.0真无线蓝...",
        "goodsIntr
2026-07-12 00:32:06 [INFO] [http_client.py:28] [GET] http://localhost:28019/api/v1/goods/detail/10893
2026-07-12 00:32:06 [INFO] [http_client.py:73] Status: 200
2026-07-12 00:32:06 [INFO] [http_client.py:77] Response: {
  "resultCode": 200,
  "message": "SUCCESS",
  "data": {
    "goodsId": 10893,
    "goodsName": "HUAWEI Mate 30 Pro 双4000万徕卡电影四摄",
    "goodsIntro": "超曲面OLED环幕屏 8GB+256GB 全网通4G版（星河银）",
    "goodsCoverImg": "/goods-img/mate30p2.png",
    "sellingPrice": 5399,
    "tag": "重构想象",
    "goodsCarouselList": [
      "/goods-img/mate30p2.png"
    ],
    "originalPrice": 5399,
    "goodsDetailContent": "<div id=\"activity_header\" style=\"margin:0px;padding:0px;color:#666666;font-family:tahoma, arial, 
2026-07-12 00:32:06 [INFO] [http_client.py:28] [GET] http://localhost:28019/api/v1/categories
2026-07-12 00:32:06 [INFO] [http_client.py:73] Status: 200
2026-07-12 00:32:06 [INFO] [http_client.py:77] Response: {
  "resultCode": 200,
  "message": "SUCCESS",
  "data": [
    {
      "categoryId": 15,
      "categoryLevel": 1,
      "categoryName": "家电 数码 手机",
      "secondLevelCategoryVOS": [
        {
          "categoryId": 17,
          "parentId": 15,
          "categoryLevel": 2,
          "categoryName": "家电",
          "thirdLevelCategoryVOS": [
            {
              "categoryId": 30,
              "categoryLevel": 3,
              "categoryName": "卷发器"
            },
            {
         
2026-07-12 00:32:06 [INFO] [http_client.py:28] [GET] http://localhost:28019/api/v1/search
2026-07-12 00:32:06 [INFO] [http_client.py:30] Params: {'keyword': 'abcdefg12345不存在', 'pageNumber': 1, 'pageSize': 10}
2026-07-12 00:32:06 [INFO] [http_client.py:73] Status: 200
2026-07-12 00:32:06 [INFO] [http_client.py:77] Response: {
  "resultCode": 200,
  "message": "SUCCESS",
  "data": {
    "totalCount": 0,
    "pageSize": 10,
    "totalPage": 0,
    "currPage": 1,
    "list": []
  }
}
2026-07-12 00:32:06 [INFO] [http_client.py:37] [POST] http://localhost:28019/api/v1/shop-cart
2026-07-12 00:32:06 [INFO] [http_client.py:39] Body: {"goodsId": 10893, "goodsCount": 1}
2026-07-12 00:32:06 [INFO] [http_client.py:73] Status: 200
2026-07-12 00:32:06 [INFO] [http_client.py:77] Response: {
  "resultCode": 200,
  "message": "SUCCESS",
  "data": null
}
2026-07-12 00:32:06 [INFO] [http_client.py:28] [GET] http://localhost:28019/api/v1/shop-cart
2026-07-12 00:32:06 [INFO] [http_client.py:73] Status: 200
2026-07-12 00:32:06 [INFO] [http_client.py:77] Response: {
  "resultCode": 200,
  "message": "SUCCESS",
  "data": [
    {
      "cartItemId": 28,
      "goodsId": 10893,
      "goodsCount": 1,
      "goodsName": "HUAWEI Mate 30 Pro 双4000万徕卡电...",
      "goodsCoverImg": "/goods-img/mate30p2.png",
      "sellingPrice": 5399
    }
  ]
}
2026-07-12 00:32:06 [INFO] [http_client.py:37] [POST] http://localhost:28019/api/v1/saveOrder
2026-07-12 00:32:06 [INFO] [http_client.py:39] Body: {"cartItemIds": [28]}
2026-07-12 00:32:06 [INFO] [http_client.py:73] Status: 200
2026-07-12 00:32:06 [INFO] [http_client.py:77] Response: {
  "resultCode": 500,
  "message": "参数错误！",
  "data": null
}
2026-07-12 00:32:06 [INFO] [http_client.py:28] [GET] http://localhost:28019/api/v1/orders
2026-07-12 00:32:06 [INFO] [http_client.py:30] Params: {'pageNumber': 1, 'pageSize': 10}
2026-07-12 00:32:06 [INFO] [http_client.py:73] Status: 404
2026-07-12 00:32:06 [INFO] [http_client.py:77] Response: {
  "timestamp": 1783787526146,
  "status": 404,
  "error": "Not Found",
  "path": "/api/v1/orders"
}
2026-07-12 00:32:06 [INFO] [test_user.py:36] 【用例开始】test_register_success，手机号: 13883787526
2026-07-12 00:32:06 [INFO] [http_client.py:37] [POST] http://localhost:28019/api/v1/user/register
2026-07-12 00:32:06 [INFO] [http_client.py:39] Body: {"loginName": "13883787526", "password": "123456"}
2026-07-12 00:32:06 [INFO] [http_client.py:73] Status: 200
2026-07-12 00:32:06 [INFO] [http_client.py:77] Response: {
  "resultCode": 200,
  "message": "SUCCESS",
  "data": null
}
2026-07-12 00:32:06 [INFO] [test_user.py:59] 【用例通过】test_register_success
2026-07-12 00:32:06 [INFO] [http_client.py:37] [POST] http://localhost:28019/api/v1/user/register
2026-07-12 00:32:06 [INFO] [http_client.py:39] Body: {"loginName": "13883787526", "password": "123456"}
2026-07-12 00:32:06 [INFO] [http_client.py:73] Status: 200
2026-07-12 00:32:06 [INFO] [http_client.py:77] Response: {
  "resultCode": 500,
  "message": "用户名已存在！",
  "data": null
}
2026-07-12 00:32:06 [INFO] [http_client.py:37] [POST] http://localhost:28019/api/v1/user/register
2026-07-12 00:32:06 [INFO] [http_client.py:39] Body: {"loginName": "13883787526", "password": "123456"}
2026-07-12 00:32:06 [INFO] [http_client.py:73] Status: 200
2026-07-12 00:32:06 [INFO] [http_client.py:77] Response: {
  "resultCode": 500,
  "message": "用户名已存在！",
  "data": null
}
2026-07-12 00:32:06 [INFO] [http_client.py:37] [POST] http://localhost:28019/api/v1/user/register
2026-07-12 00:32:06 [INFO] [http_client.py:39] Body: {"loginName": "13800138001", "password": "123456"}
2026-07-12 00:32:06 [INFO] [http_client.py:73] Status: 200
2026-07-12 00:32:06 [INFO] [http_client.py:77] Response: {
  "resultCode": 500,
  "message": "用户名已存在！",
  "data": null
}
2026-07-12 00:32:06 [INFO] [http_client.py:37] [POST] http://localhost:28019/api/v1/user/login
2026-07-12 00:32:06 [INFO] [http_client.py:39] Body: {"loginName": "13800138001", "passwordMd5": "e10adc3949ba59abbe56e057f20f883e"}
2026-07-12 00:32:06 [INFO] [http_client.py:73] Status: 200
2026-07-12 00:32:06 [INFO] [http_client.py:77] Response: {
  "resultCode": 200,
  "message": "SUCCESS",
  "data": "66e0461c560dc1553e83a322f1ce909e"
}
2026-07-12 00:32:06 [INFO] [http_client.py:37] [POST] http://localhost:28019/api/v1/user/register
2026-07-12 00:32:06 [INFO] [http_client.py:39] Body: {"loginName": "13800138001", "password": "123456"}
2026-07-12 00:32:06 [INFO] [http_client.py:73] Status: 200
2026-07-12 00:32:06 [INFO] [http_client.py:77] Response: {
  "resultCode": 500,
  "message": "用户名已存在！",
  "data": null
}
2026-07-12 00:32:06 [INFO] [http_client.py:37] [POST] http://localhost:28019/api/v1/user/login
2026-07-12 00:32:06 [INFO] [http_client.py:39] Body: {"loginName": "13800138001", "passwordMd5": "93974254b059ee3fc96b8086241c4b9d"}
2026-07-12 00:32:06 [INFO] [http_client.py:73] Status: 200
2026-07-12 00:32:06 [INFO] [http_client.py:77] Response: {
  "resultCode": 500,
  "message": "登录失败！",
  "data": null
}
2026-07-12 00:35:26 [INFO] [http_client.py:37] [POST] http://localhost:28019/api/v1/user/register
2026-07-12 00:35:26 [INFO] [http_client.py:39] Body: {"loginName": "13800138000", "password": "123456"}
2026-07-12 00:35:26 [INFO] [http_client.py:73] Status: 200
2026-07-12 00:35:26 [INFO] [http_client.py:77] Response: {
  "resultCode": 500,
  "message": "用户名已存在！",
  "data": null
}
2026-07-12 00:35:26 [INFO] [http_client.py:37] [POST] http://localhost:28019/api/v1/user/login
2026-07-12 00:35:26 [INFO] [http_client.py:39] Body: {"loginName": "13800138000", "passwordMd5": "e10adc3949ba59abbe56e057f20f883e"}
2026-07-12 00:35:26 [INFO] [http_client.py:73] Status: 200
2026-07-12 00:35:26 [INFO] [http_client.py:77] Response: {
  "resultCode": 200,
  "message": "SUCCESS",
  "data": "107311b47577434a756e1c13c0d9557c"
}
2026-07-12 00:35:26 [INFO] [http_client.py:86] [Token已设置] 107311b47577434a756e...
2026-07-12 00:35:26 [INFO] [http_client.py:37] [POST] http://localhost:28019/api/v1/shop-cart
2026-07-12 00:35:26 [INFO] [http_client.py:39] Body: {"goodsId": 10893, "goodsCount": 1}
2026-07-12 00:35:26 [INFO] [http_client.py:73] Status: 200
2026-07-12 00:35:26 [INFO] [http_client.py:77] Response: {
  "resultCode": 200,
  "message": "SUCCESS",
  "data": null
}
2026-07-12 00:35:26 [INFO] [http_client.py:28] [GET] http://localhost:28019/api/v1/shop-cart
2026-07-12 00:35:26 [INFO] [http_client.py:73] Status: 200
2026-07-12 00:35:26 [INFO] [http_client.py:77] Response: {
  "resultCode": 200,
  "message": "SUCCESS",
  "data": [
    {
      "cartItemId": 29,
      "goodsId": 10893,
      "goodsCount": 1,
      "goodsName": "HUAWEI Mate 30 Pro 双4000万徕卡电...",
      "goodsCoverImg": "/goods-img/mate30p2.png",
      "sellingPrice": 5399
    }
  ]
}
2026-07-12 00:35:26 [INFO] [http_client.py:37] [POST] http://localhost:28019/api/v1/shop-cart
2026-07-12 00:35:26 [INFO] [http_client.py:39] Body: {"goodsId": 10893, "goodsCount": 1}
2026-07-12 00:35:26 [INFO] [http_client.py:73] Status: 200
2026-07-12 00:35:26 [INFO] [http_client.py:77] Response: {
  "resultCode": 500,
  "message": "已存在！无需重复添加！",
  "data": null
}
2026-07-12 00:35:26 [INFO] [http_client.py:28] [GET] http://localhost:28019/api/v1/shop-cart
2026-07-12 00:35:26 [INFO] [http_client.py:73] Status: 200
2026-07-12 00:35:26 [INFO] [http_client.py:77] Response: {
  "resultCode": 200,
  "message": "SUCCESS",
  "data": [
    {
      "cartItemId": 29,
      "goodsId": 10893,
      "goodsCount": 1,
      "goodsName": "HUAWEI Mate 30 Pro 双4000万徕卡电...",
      "goodsCoverImg": "/goods-img/mate30p2.png",
      "sellingPrice": 5399
    }
  ]
}
2026-07-12 00:35:26 [INFO] [http_client.py:37] [POST] http://localhost:28019/api/v1/shop-cart
2026-07-12 00:35:26 [INFO] [http_client.py:39] Body: {"goodsId": 10893, "goodsCount": 2}
2026-07-12 00:35:27 [INFO] [http_client.py:73] Status: 200
2026-07-12 00:35:27 [INFO] [http_client.py:77] Response: {
  "resultCode": 200,
  "message": "SUCCESS",
  "data": null
}
2026-07-12 00:35:27 [INFO] [http_client.py:28] [GET] http://localhost:28019/api/v1/search
2026-07-12 00:35:27 [INFO] [http_client.py:30] Params: {'keyword': '手机', 'pageNumber': 1, 'pageSize': 10}
2026-07-12 00:35:27 [INFO] [http_client.py:73] Status: 200
2026-07-12 00:35:27 [INFO] [http_client.py:77] Response: {
  "resultCode": 200,
  "message": "SUCCESS",
  "data": {
    "totalCount": 298,
    "pageSize": 10,
    "totalPage": 30,
    "currPage": 1,
    "list": [
      {
        "goodsId": 10161,
        "goodsName": "荣耀原装三键线控带麦半入耳式耳机AM116(尊爵版)适用...",
        "goodsIntro": "新蜂精选",
        "goodsCoverImg": "/goods-img/183481c3-47ff-4b2e-926f-b02b926ac02c.jpg",
        "sellingPrice": 49
      },
      {
        "goodsId": 10162,
        "goodsName": "诺基亚（NOKIA）BH-705 银白色 5.0真无线蓝...",
        "goodsIntr
2026-07-12 00:35:27 [INFO] [http_client.py:28] [GET] http://localhost:28019/api/v1/goods/detail/10893
2026-07-12 00:35:27 [INFO] [http_client.py:73] Status: 200
2026-07-12 00:35:27 [INFO] [http_client.py:77] Response: {
  "resultCode": 200,
  "message": "SUCCESS",
  "data": {
    "goodsId": 10893,
    "goodsName": "HUAWEI Mate 30 Pro 双4000万徕卡电影四摄",
    "goodsIntro": "超曲面OLED环幕屏 8GB+256GB 全网通4G版（星河银）",
    "goodsCoverImg": "/goods-img/mate30p2.png",
    "sellingPrice": 5399,
    "tag": "重构想象",
    "goodsCarouselList": [
      "/goods-img/mate30p2.png"
    ],
    "originalPrice": 5399,
    "goodsDetailContent": "<div id=\"activity_header\" style=\"margin:0px;padding:0px;color:#666666;font-family:tahoma, arial, 
2026-07-12 00:35:27 [INFO] [http_client.py:28] [GET] http://localhost:28019/api/v1/categories
2026-07-12 00:35:27 [INFO] [http_client.py:73] Status: 200
2026-07-12 00:35:27 [INFO] [http_client.py:77] Response: {
  "resultCode": 200,
  "message": "SUCCESS",
  "data": [
    {
      "categoryId": 15,
      "categoryLevel": 1,
      "categoryName": "家电 数码 手机",
      "secondLevelCategoryVOS": [
        {
          "categoryId": 17,
          "parentId": 15,
          "categoryLevel": 2,
          "categoryName": "家电",
          "thirdLevelCategoryVOS": [
            {
              "categoryId": 30,
              "categoryLevel": 3,
              "categoryName": "卷发器"
            },
            {
         
2026-07-12 00:35:27 [INFO] [http_client.py:28] [GET] http://localhost:28019/api/v1/search
2026-07-12 00:35:27 [INFO] [http_client.py:30] Params: {'keyword': 'abcdefg12345不存在', 'pageNumber': 1, 'pageSize': 10}
2026-07-12 00:35:27 [INFO] [http_client.py:73] Status: 200
2026-07-12 00:35:27 [INFO] [http_client.py:77] Response: {
  "resultCode": 200,
  "message": "SUCCESS",
  "data": {
    "totalCount": 0,
    "pageSize": 10,
    "totalPage": 0,
    "currPage": 1,
    "list": []
  }
}
2026-07-12 00:35:27 [INFO] [http_client.py:37] [POST] http://localhost:28019/api/v1/shop-cart
2026-07-12 00:35:27 [INFO] [http_client.py:39] Body: {"goodsId": 10893, "goodsCount": 1}
2026-07-12 00:35:27 [INFO] [http_client.py:73] Status: 200
2026-07-12 00:35:27 [INFO] [http_client.py:77] Response: {
  "resultCode": 200,
  "message": "SUCCESS",
  "data": null
}
2026-07-12 00:35:27 [INFO] [http_client.py:28] [GET] http://localhost:28019/api/v1/shop-cart
2026-07-12 00:35:27 [INFO] [http_client.py:73] Status: 200
2026-07-12 00:35:27 [INFO] [http_client.py:77] Response: {
  "resultCode": 200,
  "message": "SUCCESS",
  "data": [
    {
      "cartItemId": 31,
      "goodsId": 10893,
      "goodsCount": 1,
      "goodsName": "HUAWEI Mate 30 Pro 双4000万徕卡电...",
      "goodsCoverImg": "/goods-img/mate30p2.png",
      "sellingPrice": 5399
    }
  ]
}
2026-07-12 00:35:27 [INFO] [http_client.py:37] [POST] http://localhost:28019/api/v1/saveOrder
2026-07-12 00:35:27 [INFO] [http_client.py:39] Body: {"cartItemIds": [31]}
2026-07-12 00:35:27 [INFO] [http_client.py:73] Status: 200
2026-07-12 00:35:27 [INFO] [http_client.py:77] Response: {
  "resultCode": 500,
  "message": "参数错误！",
  "data": null
}
2026-07-12 00:35:27 [INFO] [http_client.py:28] [GET] http://localhost:28019/api/v1/orders
2026-07-12 00:35:27 [INFO] [http_client.py:30] Params: {'pageNumber': 1, 'pageSize': 10}
2026-07-12 00:35:27 [INFO] [http_client.py:73] Status: 404
2026-07-12 00:35:27 [INFO] [http_client.py:77] Response: {
  "timestamp": 1783787727117,
  "status": 404,
  "error": "Not Found",
  "path": "/api/v1/orders"
}
2026-07-12 00:35:27 [INFO] [test_user.py:36] 【用例开始】test_register_success，手机号: 13883787727
2026-07-12 00:35:27 [INFO] [http_client.py:37] [POST] http://localhost:28019/api/v1/user/register
2026-07-12 00:35:27 [INFO] [http_client.py:39] Body: {"loginName": "13883787727", "password": "123456"}
2026-07-12 00:35:27 [INFO] [http_client.py:73] Status: 200
2026-07-12 00:35:27 [INFO] [http_client.py:77] Response: {
  "resultCode": 200,
  "message": "SUCCESS",
  "data": null
}
2026-07-12 00:35:27 [INFO] [test_user.py:59] 【用例通过】test_register_success
2026-07-12 00:35:27 [INFO] [http_client.py:37] [POST] http://localhost:28019/api/v1/user/register
2026-07-12 00:35:27 [INFO] [http_client.py:39] Body: {"loginName": "13883787727", "password": "123456"}
2026-07-12 00:35:27 [INFO] [http_client.py:73] Status: 200
2026-07-12 00:35:27 [INFO] [http_client.py:77] Response: {
  "resultCode": 500,
  "message": "用户名已存在！",
  "data": null
}
2026-07-12 00:35:27 [INFO] [http_client.py:37] [POST] http://localhost:28019/api/v1/user/register
2026-07-12 00:35:27 [INFO] [http_client.py:39] Body: {"loginName": "13883787727", "password": "123456"}
2026-07-12 00:35:27 [INFO] [http_client.py:73] Status: 200
2026-07-12 00:35:27 [INFO] [http_client.py:77] Response: {
  "resultCode": 500,
  "message": "用户名已存在！",
  "data": null
}
2026-07-12 00:35:27 [INFO] [http_client.py:37] [POST] http://localhost:28019/api/v1/user/register
2026-07-12 00:35:27 [INFO] [http_client.py:39] Body: {"loginName": "13800138001", "password": "123456"}
2026-07-12 00:35:27 [INFO] [http_client.py:73] Status: 200
2026-07-12 00:35:27 [INFO] [http_client.py:77] Response: {
  "resultCode": 500,
  "message": "用户名已存在！",
  "data": null
}
2026-07-12 00:35:27 [INFO] [http_client.py:37] [POST] http://localhost:28019/api/v1/user/login
2026-07-12 00:35:27 [INFO] [http_client.py:39] Body: {"loginName": "13800138001", "passwordMd5": "e10adc3949ba59abbe56e057f20f883e"}
2026-07-12 00:35:27 [INFO] [http_client.py:73] Status: 200
2026-07-12 00:35:27 [INFO] [http_client.py:77] Response: {
  "resultCode": 200,
  "message": "SUCCESS",
  "data": "d445ff129f7a5e52b2b57a7eb46fc02a"
}
2026-07-12 00:35:27 [INFO] [http_client.py:37] [POST] http://localhost:28019/api/v1/user/register
2026-07-12 00:35:27 [INFO] [http_client.py:39] Body: {"loginName": "13800138001", "password": "123456"}
2026-07-12 00:35:27 [INFO] [http_client.py:73] Status: 200
2026-07-12 00:35:27 [INFO] [http_client.py:77] Response: {
  "resultCode": 500,
  "message": "用户名已存在！",
  "data": null
}
2026-07-12 00:35:27 [INFO] [http_client.py:37] [POST] http://localhost:28019/api/v1/user/login
2026-07-12 00:35:27 [INFO] [http_client.py:39] Body: {"loginName": "13800138001", "passwordMd5": "93974254b059ee3fc96b8086241c4b9d"}
2026-07-12 00:35:27 [INFO] [http_client.py:73] Status: 200
2026-07-12 00:35:27 [INFO] [http_client.py:77] Response: {
  "resultCode": 500,
  "message": "登录失败！",
  "data": null
}
2026-07-12 09:49:22 [INFO] [base_page.py:35] 【Page初始化】HomePage
2026-07-12 09:49:22 [INFO] [base_page.py:118] 【打开页面】http://localhost:8080
2026-07-12 09:49:24 [INFO] [home_page.py:54] 【首页】已打开
2026-07-12 09:49:24 [INFO] [base_page.py:126] 【页面标题】Vite App
2026-07-12 09:49:28 [INFO] [base_page.py:35] 【Page初始化】HomePage
2026-07-12 09:49:28 [INFO] [base_page.py:118] 【打开页面】http://localhost:8080
2026-07-12 09:49:30 [INFO] [home_page.py:54] 【首页】已打开
2026-07-12 09:49:30 [INFO] [base_page.py:126] 【页面标题】Vite App
2026-07-12 09:49:34 [INFO] [base_page.py:35] 【Page初始化】HomePage
2026-07-12 09:49:34 [INFO] [base_page.py:118] 【打开页面】http://localhost:8080
2026-07-12 09:49:36 [INFO] [home_page.py:54] 【首页】已打开
2026-07-12 09:49:36 [INFO] [base_page.py:126] 【页面标题】Vite App
2026-07-12 09:49:39 [INFO] [base_page.py:35] 【Page初始化】HomePage
2026-07-12 09:49:39 [INFO] [base_page.py:118] 【打开页面】http://localhost:8080
2026-07-12 09:49:41 [INFO] [home_page.py:54] 【首页】已打开
2026-07-12 09:49:41 [INFO] [base_page.py:49] 【查找元素】css selector = .search-wrap input
2026-07-12 09:49:52 [ERROR] [base_page.py:57] 【查找失败】元素未找到：css selector = .search-wrap input
2026-07-12 09:49:56 [INFO] [base_page.py:35] 【Page初始化】HomePage
2026-07-12 09:49:56 [INFO] [base_page.py:118] 【打开页面】http://localhost:8080
2026-07-12 09:49:58 [INFO] [home_page.py:54] 【首页】已打开
2026-07-12 09:49:58 [INFO] [base_page.py:49] 【查找元素】css selector = .search-wrap input
2026-07-12 09:50:09 [ERROR] [base_page.py:57] 【查找失败】元素未找到：css selector = .search-wrap input
2026-07-12 09:50:13 [INFO] [base_page.py:35] 【Page初始化】HomePage
2026-07-12 09:50:13 [INFO] [base_page.py:118] 【打开页面】http://localhost:8080
2026-07-12 09:50:15 [INFO] [home_page.py:54] 【首页】已打开
2026-07-12 09:50:15 [INFO] [base_page.py:49] 【查找元素】css selector = .search-wrap input
2026-07-12 09:50:25 [ERROR] [base_page.py:57] 【查找失败】元素未找到：css selector = .search-wrap input
2026-07-12 09:50:29 [INFO] [base_page.py:35] 【Page初始化】HomePage
2026-07-12 09:50:29 [INFO] [base_page.py:118] 【打开页面】http://localhost:8080
2026-07-12 09:50:31 [INFO] [home_page.py:54] 【首页】已打开
2026-07-12 09:50:31 [INFO] [base_page.py:49] 【查找元素】css selector = .search-wrap input
2026-07-12 09:50:41 [ERROR] [base_page.py:57] 【查找失败】元素未找到：css selector = .search-wrap input
2026-07-12 09:50:46 [INFO] [base_page.py:35] 【Page初始化】HomePage
2026-07-12 09:50:46 [INFO] [base_page.py:118] 【打开页面】http://localhost:8080
2026-07-12 09:50:48 [INFO] [home_page.py:54] 【首页】已打开
2026-07-12 09:50:48 [INFO] [base_page.py:49] 【查找元素】css selector = .search-wrap input
2026-07-12 09:50:58 [ERROR] [base_page.py:57] 【查找失败】元素未找到：css selector = .search-wrap input
2026-07-12 09:51:03 [INFO] [base_page.py:35] 【Page初始化】HomePage
2026-07-12 09:51:03 [INFO] [base_page.py:118] 【打开页面】http://localhost:8080
2026-07-12 09:51:05 [INFO] [home_page.py:54] 【首页】已打开
2026-07-12 09:51:05 [INFO] [base_page.py:49] 【查找元素】css selector = .search-wrap input
2026-07-12 09:51:15 [ERROR] [base_page.py:57] 【查找失败】元素未找到：css selector = .search-wrap input
2026-07-12 09:51:18 [INFO] [base_page.py:35] 【Page初始化】HomePage
2026-07-12 09:51:18 [INFO] [base_page.py:118] 【打开页面】http://localhost:8080
2026-07-12 09:51:20 [INFO] [home_page.py:54] 【首页】已打开
2026-07-12 09:51:20 [INFO] [base_page.py:70] 【查找元素】css selector = .goods-item (多个)
2026-07-12 09:51:35 [INFO] [base_page.py:35] 【Page初始化】HomePage
2026-07-12 09:51:35 [INFO] [base_page.py:118] 【打开页面】http://localhost:8080
2026-07-12 09:51:37 [INFO] [home_page.py:54] 【首页】已打开
2026-07-12 09:51:37 [INFO] [base_page.py:70] 【查找元素】css selector = .goods-item (多个)
2026-07-12 09:51:52 [INFO] [base_page.py:35] 【Page初始化】HomePage
2026-07-12 09:51:52 [INFO] [base_page.py:118] 【打开页面】http://localhost:8080
2026-07-12 09:51:54 [INFO] [home_page.py:54] 【首页】已打开
2026-07-12 09:51:54 [INFO] [base_page.py:70] 【查找元素】css selector = .goods-item (多个)
2026-07-12 10:01:31 [INFO] [base_page.py:35] 【Page初始化】HomePage
2026-07-12 10:01:31 [INFO] [base_page.py:118] 【打开页面】http://localhost:8080
2026-07-12 10:01:33 [INFO] [home_page.py:47] 【首页】已打开
2026-07-12 10:01:35 [INFO] [conftest.py:103] 【浏览器】已关闭
2026-07-12 10:01:37 [INFO] [base_page.py:35] 【Page初始化】HomePage
2026-07-12 10:01:37 [INFO] [base_page.py:118] 【打开页面】http://localhost:8080
2026-07-12 10:01:39 [INFO] [home_page.py:47] 【首页】已打开
2026-07-12 10:01:41 [INFO] [conftest.py:103] 【浏览器】已关闭
2026-07-12 10:01:43 [INFO] [base_page.py:35] 【Page初始化】HomePage
2026-07-12 10:01:43 [INFO] [base_page.py:118] 【打开页面】http://localhost:8080
2026-07-12 10:01:45 [INFO] [home_page.py:47] 【首页】已打开
2026-07-12 10:01:47 [INFO] [conftest.py:103] 【浏览器】已关闭
2026-07-12 10:08:23 [INFO] [base_page.py:35] 【Page初始化】HomePage
2026-07-12 10:08:23 [INFO] [base_page.py:118] 【打开页面】http://localhost:8080
2026-07-12 10:08:25 [INFO] [home_page.py:47] 【首页】已打开
2026-07-12 10:08:25 [INFO] [base_page.py:126] 【页面标题】Vite App
2026-07-12 10:08:26 [INFO] [base_page.py:147] 【截图】首页加载成功
2026-07-12 10:08:28 [INFO] [conftest.py:103] 【浏览器】已关闭
2026-07-12 10:12:02 [INFO] [base_page.py:35] 【Page初始化】HomePage
2026-07-12 10:12:02 [INFO] [base_page.py:118] 【打开页面】http://localhost:8080
2026-07-12 10:12:04 [INFO] [home_page.py:47] 【首页】已打开
2026-07-12 10:12:04 [INFO] [base_page.py:126] 【页面标题】Vite App
2026-07-12 10:12:04 [INFO] [base_page.py:147] 【截图】首页加载成功
2026-07-12 10:12:06 [INFO] [conftest.py:103] 【浏览器】已关闭
2026-07-12 10:12:59 [INFO] [base_page.py:35] 【Page初始化】HomePage
2026-07-12 10:12:59 [INFO] [base_page.py:118] 【打开页面】http://localhost:8080
2026-07-12 10:13:01 [INFO] [home_page.py:47] 【首页】已打开
2026-07-12 10:13:01 [INFO] [base_page.py:126] 【页面标题】Vite App
2026-07-12 10:13:01 [INFO] [base_page.py:147] 【截图】首页加载成功
2026-07-12 10:13:03 [INFO] [conftest.py:103] 【浏览器】已关闭
2026-07-12 10:13:04 [INFO] [base_page.py:35] 【Page初始化】HomePage
2026-07-12 10:13:04 [INFO] [base_page.py:118] 【打开页面】http://localhost:8080
2026-07-12 10:13:06 [INFO] [home_page.py:47] 【首页】已打开
2026-07-12 10:13:06 [INFO] [base_page.py:49] 【查找元素】css selector = .header-search input
2026-07-12 10:13:16 [ERROR] [base_page.py:57] 【查找失败】元素未找到：css selector = .header-search input
2026-07-12 10:13:19 [INFO] [conftest.py:103] 【浏览器】已关闭
2026-07-12 10:13:21 [INFO] [base_page.py:35] 【Page初始化】HomePage
2026-07-12 10:13:21 [INFO] [base_page.py:118] 【打开页面】http://localhost:8080
2026-07-12 10:13:23 [INFO] [home_page.py:47] 【首页】已打开
2026-07-12 10:13:23 [INFO] [base_page.py:49] 【查找元素】css selector = .header-search input
2026-07-12 10:13:33 [ERROR] [base_page.py:57] 【查找失败】元素未找到：css selector = .header-search input
2026-07-12 10:13:36 [INFO] [conftest.py:103] 【浏览器】已关闭
2026-07-12 10:13:38 [INFO] [base_page.py:35] 【Page初始化】HomePage
2026-07-12 10:13:38 [INFO] [base_page.py:118] 【打开页面】http://localhost:8080
2026-07-12 10:13:40 [INFO] [home_page.py:47] 【首页】已打开
2026-07-12 10:13:40 [INFO] [base_page.py:49] 【查找元素】css selector = .header-search input
2026-07-12 10:13:50 [ERROR] [base_page.py:57] 【查找失败】元素未找到：css selector = .header-search input
2026-07-12 10:13:53 [INFO] [conftest.py:103] 【浏览器】已关闭
2026-07-12 10:13:54 [INFO] [base_page.py:35] 【Page初始化】HomePage
2026-07-12 10:13:54 [INFO] [base_page.py:118] 【打开页面】http://localhost:8080
2026-07-12 10:13:56 [INFO] [home_page.py:47] 【首页】已打开
2026-07-12 10:13:56 [INFO] [base_page.py:70] 【查找元素】css selector = .good (多个)
2026-07-12 10:13:56 [INFO] [home_page.py:73] 【首页】商品数量：3
2026-07-12 10:13:56 [INFO] [base_page.py:147] 【截图】商品列表
2026-07-12 10:13:58 [INFO] [conftest.py:103] 【浏览器】已关闭
2026-07-12 10:21:18 [INFO] [base_page.py:35] 【Page初始化】HomePage
2026-07-12 10:21:18 [INFO] [base_page.py:118] 【打开页面】http://localhost:8080
2026-07-12 10:21:23 [INFO] [home_page.py:49] 【首页】已打开
2026-07-12 10:21:23 [INFO] [base_page.py:126] 【页面标题】Vite App
2026-07-12 10:21:23 [INFO] [base_page.py:147] 【截图】首页加载成功
2026-07-12 10:21:25 [INFO] [conftest.py:103] 【浏览器】已关闭
2026-07-12 10:21:26 [INFO] [base_page.py:35] 【Page初始化】HomePage
2026-07-12 10:21:26 [INFO] [base_page.py:118] 【打开页面】http://localhost:8080
2026-07-12 10:21:31 [INFO] [home_page.py:49] 【首页】已打开
2026-07-12 10:21:31 [INFO] [base_page.py:49] 【查找元素】css selector = .header-search input
2026-07-12 10:21:42 [ERROR] [base_page.py:57] 【查找失败】元素未找到：css selector = .header-search input
2026-07-12 10:21:44 [INFO] [conftest.py:103] 【浏览器】已关闭
2026-07-12 10:21:46 [INFO] [base_page.py:35] 【Page初始化】HomePage
2026-07-12 10:21:46 [INFO] [base_page.py:118] 【打开页面】http://localhost:8080
2026-07-12 10:21:51 [INFO] [home_page.py:49] 【首页】已打开
2026-07-12 10:21:51 [INFO] [base_page.py:49] 【查找元素】css selector = .header-search input
2026-07-12 10:22:02 [ERROR] [base_page.py:57] 【查找失败】元素未找到：css selector = .header-search input
2026-07-12 10:22:04 [INFO] [conftest.py:103] 【浏览器】已关闭
2026-07-12 10:22:06 [INFO] [base_page.py:35] 【Page初始化】HomePage
2026-07-12 10:22:06 [INFO] [base_page.py:118] 【打开页面】http://localhost:8080
2026-07-12 10:22:11 [INFO] [home_page.py:49] 【首页】已打开
2026-07-12 10:22:11 [INFO] [base_page.py:49] 【查找元素】css selector = .header-search input
2026-07-12 10:22:22 [ERROR] [base_page.py:57] 【查找失败】元素未找到：css selector = .header-search input
2026-07-12 10:22:24 [INFO] [conftest.py:103] 【浏览器】已关闭
2026-07-12 10:22:25 [INFO] [base_page.py:35] 【Page初始化】HomePage
2026-07-12 10:22:25 [INFO] [base_page.py:118] 【打开页面】http://localhost:8080
2026-07-12 10:22:30 [INFO] [home_page.py:49] 【首页】已打开
2026-07-12 10:22:30 [INFO] [base_page.py:70] 【查找元素】css selector = .good (多个)
2026-07-12 10:22:30 [INFO] [home_page.py:75] 【首页】商品数量：3
2026-07-12 10:22:30 [INFO] [base_page.py:147] 【截图】商品列表
2026-07-12 10:22:32 [INFO] [conftest.py:103] 【浏览器】已关闭
2026-07-12 10:33:13 [INFO] [base_page.py:35] 【Page初始化】HomePage
2026-07-12 10:33:13 [INFO] [base_page.py:118] 【打开页面】http://localhost:8080
2026-07-12 10:33:18 [INFO] [home_page.py:49] 【首页】已打开
2026-07-12 10:33:18 [INFO] [base_page.py:126] 【页面标题】Vite App
2026-07-12 10:33:18 [INFO] [base_page.py:147] 【截图】首页加载成功
2026-07-12 10:33:20 [INFO] [conftest.py:103] 【浏览器】已关闭
2026-07-12 10:33:21 [INFO] [base_page.py:35] 【Page初始化】HomePage
2026-07-12 10:33:21 [INFO] [base_page.py:118] 【打开页面】http://localhost:8080
2026-07-12 10:33:26 [INFO] [home_page.py:49] 【首页】已打开
2026-07-12 10:33:26 [INFO] [base_page.py:49] 【查找元素】css selector = .header-search input
2026-07-12 10:33:36 [ERROR] [base_page.py:57] 【查找失败】元素未找到：css selector = .header-search input
2026-07-12 10:33:39 [INFO] [conftest.py:103] 【浏览器】已关闭
2026-07-12 10:33:41 [INFO] [base_page.py:35] 【Page初始化】HomePage
2026-07-12 10:33:41 [INFO] [base_page.py:118] 【打开页面】http://localhost:8080
2026-07-12 10:33:46 [INFO] [home_page.py:49] 【首页】已打开
2026-07-12 10:33:46 [INFO] [base_page.py:49] 【查找元素】css selector = .header-search input
2026-07-12 10:33:56 [ERROR] [base_page.py:57] 【查找失败】元素未找到：css selector = .header-search input
2026-07-12 10:33:59 [INFO] [conftest.py:103] 【浏览器】已关闭
2026-07-12 10:34:01 [INFO] [base_page.py:35] 【Page初始化】HomePage
2026-07-12 10:34:01 [INFO] [base_page.py:118] 【打开页面】http://localhost:8080
2026-07-12 10:34:05 [INFO] [home_page.py:49] 【首页】已打开
2026-07-12 10:34:05 [INFO] [base_page.py:49] 【查找元素】css selector = .header-search input
2026-07-12 10:34:16 [ERROR] [base_page.py:57] 【查找失败】元素未找到：css selector = .header-search input
2026-07-12 10:34:18 [INFO] [conftest.py:103] 【浏览器】已关闭
2026-07-12 10:34:19 [INFO] [base_page.py:35] 【Page初始化】HomePage
2026-07-12 10:34:19 [INFO] [base_page.py:118] 【打开页面】http://localhost:8080
2026-07-12 10:34:25 [INFO] [home_page.py:49] 【首页】已打开
2026-07-12 10:34:25 [INFO] [base_page.py:70] 【查找元素】css selector = .good (多个)
2026-07-12 10:34:25 [INFO] [home_page.py:75] 【首页】商品数量：3
2026-07-12 10:34:25 [INFO] [base_page.py:147] 【截图】商品列表
2026-07-12 10:34:27 [INFO] [conftest.py:103] 【浏览器】已关闭
2026-07-12 10:35:18 [INFO] [base_page.py:35] 【Page初始化】HomePage
2026-07-12 10:35:18 [INFO] [base_page.py:118] 【打开页面】http://localhost:8080
2026-07-12 10:35:23 [INFO] [home_page.py:49] 【首页】已打开
2026-07-12 10:35:23 [INFO] [base_page.py:126] 【页面标题】Vite App
2026-07-12 10:35:23 [INFO] [base_page.py:147] 【截图】首页加载成功
2026-07-12 10:35:25 [INFO] [conftest.py:103] 【浏览器】已关闭
2026-07-12 10:35:26 [INFO] [base_page.py:35] 【Page初始化】HomePage
2026-07-12 10:35:26 [INFO] [base_page.py:118] 【打开页面】http://localhost:8080
2026-07-12 10:35:31 [INFO] [home_page.py:49] 【首页】已打开
2026-07-12 10:35:31 [INFO] [base_page.py:70] 【查找元素】css selector = .good (多个)
2026-07-12 10:35:31 [INFO] [home_page.py:75] 【首页】商品数量：3
2026-07-12 10:35:31 [INFO] [base_page.py:147] 【截图】商品列表
2026-07-12 10:35:34 [INFO] [conftest.py:103] 【浏览器】已关闭
2026-07-12 10:36:23 [INFO] [http_client.py:37] [POST] http://localhost:28019/api/v1/user/register
2026-07-12 10:36:23 [INFO] [http_client.py:39] Body: {"loginName": "13800138000", "password": "123456"}
2026-07-12 10:36:23 [INFO] [http_client.py:73] Status: 200
2026-07-12 10:36:23 [INFO] [http_client.py:77] Response: {
  "resultCode": 500,
  "message": "用户名已存在！",
  "data": null
}
2026-07-12 10:36:23 [INFO] [http_client.py:37] [POST] http://localhost:28019/api/v1/user/login
2026-07-12 10:36:23 [INFO] [http_client.py:39] Body: {"loginName": "13800138000", "passwordMd5": "e10adc3949ba59abbe56e057f20f883e"}
2026-07-12 10:36:23 [INFO] [http_client.py:73] Status: 200
2026-07-12 10:36:23 [INFO] [http_client.py:77] Response: {
  "resultCode": 200,
  "message": "SUCCESS",
  "data": "e6c22bb4edae3394234db90f8cd6e79-"
}
2026-07-12 10:36:23 [INFO] [http_client.py:86] [Token已设置] e6c22bb4edae3394234d...
2026-07-12 10:36:23 [INFO] [http_client.py:37] [POST] http://localhost:28019/api/v1/shop-cart
2026-07-12 10:36:23 [INFO] [http_client.py:39] Body: {"goodsId": 10893, "goodsCount": 1}
2026-07-12 10:36:23 [INFO] [http_client.py:73] Status: 200
2026-07-12 10:36:23 [INFO] [http_client.py:77] Response: {
  "resultCode": 200,
  "message": "SUCCESS",
  "data": null
}
2026-07-12 10:36:23 [INFO] [http_client.py:28] [GET] http://localhost:28019/api/v1/shop-cart
2026-07-12 10:36:23 [INFO] [http_client.py:73] Status: 200
2026-07-12 10:36:23 [INFO] [http_client.py:77] Response: {
  "resultCode": 200,
  "message": "SUCCESS",
  "data": [
    {
      "cartItemId": 32,
      "goodsId": 10893,
      "goodsCount": 1,
      "goodsName": "HUAWEI Mate 30 Pro 双4000万徕卡电...",
      "goodsCoverImg": "/goods-img/mate30p2.png",
      "sellingPrice": 5399
    }
  ]
}
2026-07-12 10:36:23 [INFO] [http_client.py:37] [POST] http://localhost:28019/api/v1/shop-cart
2026-07-12 10:36:23 [INFO] [http_client.py:39] Body: {"goodsId": 10893, "goodsCount": 1}
2026-07-12 10:36:23 [INFO] [http_client.py:73] Status: 200
2026-07-12 10:36:23 [INFO] [http_client.py:77] Response: {
  "resultCode": 500,
  "message": "已存在！无需重复添加！",
  "data": null
}
2026-07-12 10:36:23 [INFO] [http_client.py:28] [GET] http://localhost:28019/api/v1/shop-cart
2026-07-12 10:36:23 [INFO] [http_client.py:73] Status: 200
2026-07-12 10:36:23 [INFO] [http_client.py:77] Response: {
  "resultCode": 200,
  "message": "SUCCESS",
  "data": [
    {
      "cartItemId": 32,
      "goodsId": 10893,
      "goodsCount": 1,
      "goodsName": "HUAWEI Mate 30 Pro 双4000万徕卡电...",
      "goodsCoverImg": "/goods-img/mate30p2.png",
      "sellingPrice": 5399
    }
  ]
}
2026-07-12 10:36:23 [INFO] [http_client.py:37] [POST] http://localhost:28019/api/v1/shop-cart
2026-07-12 10:36:23 [INFO] [http_client.py:39] Body: {"goodsId": 10893, "goodsCount": 2}
2026-07-12 10:36:23 [INFO] [http_client.py:73] Status: 200
2026-07-12 10:36:23 [INFO] [http_client.py:77] Response: {
  "resultCode": 200,
  "message": "SUCCESS",
  "data": null
}
2026-07-12 10:36:23 [INFO] [http_client.py:28] [GET] http://localhost:28019/api/v1/search
2026-07-12 10:36:23 [INFO] [http_client.py:30] Params: {'keyword': '手机', 'pageNumber': 1, 'pageSize': 10}
2026-07-12 10:36:23 [INFO] [http_client.py:73] Status: 200
2026-07-12 10:36:23 [INFO] [http_client.py:77] Response: {
  "resultCode": 200,
  "message": "SUCCESS",
  "data": {
    "totalCount": 298,
    "pageSize": 10,
    "totalPage": 30,
    "currPage": 1,
    "list": [
      {
        "goodsId": 10161,
        "goodsName": "荣耀原装三键线控带麦半入耳式耳机AM116(尊爵版)适用...",
        "goodsIntro": "新蜂精选",
        "goodsCoverImg": "/goods-img/183481c3-47ff-4b2e-926f-b02b926ac02c.jpg",
        "sellingPrice": 49
      },
      {
        "goodsId": 10162,
        "goodsName": "诺基亚（NOKIA）BH-705 银白色 5.0真无线蓝...",
        "goodsIntr
2026-07-12 10:36:24 [INFO] [http_client.py:28] [GET] http://localhost:28019/api/v1/goods/detail/10893
2026-07-12 10:36:24 [INFO] [http_client.py:73] Status: 200
2026-07-12 10:36:24 [INFO] [http_client.py:77] Response: {
  "resultCode": 200,
  "message": "SUCCESS",
  "data": {
    "goodsId": 10893,
    "goodsName": "HUAWEI Mate 30 Pro 双4000万徕卡电影四摄",
    "goodsIntro": "超曲面OLED环幕屏 8GB+256GB 全网通4G版（星河银）",
    "goodsCoverImg": "/goods-img/mate30p2.png",
    "sellingPrice": 5399,
    "tag": "重构想象",
    "goodsCarouselList": [
      "/goods-img/mate30p2.png"
    ],
    "originalPrice": 5399,
    "goodsDetailContent": "<div id=\"activity_header\" style=\"margin:0px;padding:0px;color:#666666;font-family:tahoma, arial, 
2026-07-12 10:36:24 [INFO] [http_client.py:28] [GET] http://localhost:28019/api/v1/categories
2026-07-12 10:36:24 [INFO] [http_client.py:73] Status: 200
2026-07-12 10:36:24 [INFO] [http_client.py:77] Response: {
  "resultCode": 200,
  "message": "SUCCESS",
  "data": [
    {
      "categoryId": 15,
      "categoryLevel": 1,
      "categoryName": "家电 数码 手机",
      "secondLevelCategoryVOS": [
        {
          "categoryId": 17,
          "parentId": 15,
          "categoryLevel": 2,
          "categoryName": "家电",
          "thirdLevelCategoryVOS": [
            {
              "categoryId": 30,
              "categoryLevel": 3,
              "categoryName": "卷发器"
            },
            {
         
2026-07-12 10:36:24 [INFO] [http_client.py:28] [GET] http://localhost:28019/api/v1/search
2026-07-12 10:36:24 [INFO] [http_client.py:30] Params: {'keyword': 'abcdefg12345不存在', 'pageNumber': 1, 'pageSize': 10}
2026-07-12 10:36:24 [INFO] [http_client.py:73] Status: 200
2026-07-12 10:36:24 [INFO] [http_client.py:77] Response: {
  "resultCode": 200,
  "message": "SUCCESS",
  "data": {
    "totalCount": 0,
    "pageSize": 10,
    "totalPage": 0,
    "currPage": 1,
    "list": []
  }
}
2026-07-12 10:36:24 [INFO] [http_client.py:37] [POST] http://localhost:28019/api/v1/shop-cart
2026-07-12 10:36:24 [INFO] [http_client.py:39] Body: {"goodsId": 10893, "goodsCount": 1}
2026-07-12 10:36:24 [INFO] [http_client.py:73] Status: 200
2026-07-12 10:36:24 [INFO] [http_client.py:77] Response: {
  "resultCode": 200,
  "message": "SUCCESS",
  "data": null
}
2026-07-12 10:36:24 [INFO] [http_client.py:28] [GET] http://localhost:28019/api/v1/shop-cart
2026-07-12 10:36:24 [INFO] [http_client.py:73] Status: 200
2026-07-12 10:36:24 [INFO] [http_client.py:77] Response: {
  "resultCode": 200,
  "message": "SUCCESS",
  "data": [
    {
      "cartItemId": 34,
      "goodsId": 10893,
      "goodsCount": 1,
      "goodsName": "HUAWEI Mate 30 Pro 双4000万徕卡电...",
      "goodsCoverImg": "/goods-img/mate30p2.png",
      "sellingPrice": 5399
    }
  ]
}
2026-07-12 10:36:24 [INFO] [http_client.py:37] [POST] http://localhost:28019/api/v1/saveOrder
2026-07-12 10:36:24 [INFO] [http_client.py:39] Body: {"cartItemIds": [34]}
2026-07-12 10:36:24 [INFO] [http_client.py:73] Status: 200
2026-07-12 10:36:24 [INFO] [http_client.py:77] Response: {
  "resultCode": 500,
  "message": "参数错误！",
  "data": null
}
2026-07-12 10:36:24 [INFO] [http_client.py:28] [GET] http://localhost:28019/api/v1/orders
2026-07-12 10:36:24 [INFO] [http_client.py:30] Params: {'pageNumber': 1, 'pageSize': 10}
2026-07-12 10:36:24 [INFO] [http_client.py:73] Status: 404
2026-07-12 10:36:24 [INFO] [http_client.py:77] Response: {
  "timestamp": 1783823784111,
  "status": 404,
  "error": "Not Found",
  "path": "/api/v1/orders"
}
2026-07-12 10:36:25 [INFO] [base_page.py:35] 【Page初始化】HomePage
2026-07-12 10:36:25 [INFO] [base_page.py:118] 【打开页面】http://localhost:8080
2026-07-12 10:36:30 [INFO] [home_page.py:49] 【首页】已打开
2026-07-12 10:36:30 [INFO] [base_page.py:126] 【页面标题】Vite App
2026-07-12 10:36:30 [INFO] [base_page.py:147] 【截图】首页加载成功
2026-07-12 10:36:32 [INFO] [conftest.py:103] 【浏览器】已关闭
2026-07-12 10:36:33 [INFO] [base_page.py:35] 【Page初始化】HomePage
2026-07-12 10:36:33 [INFO] [base_page.py:118] 【打开页面】http://localhost:8080
2026-07-12 10:36:38 [INFO] [home_page.py:49] 【首页】已打开
2026-07-12 10:36:38 [INFO] [base_page.py:70] 【查找元素】css selector = .good (多个)
2026-07-12 10:36:38 [INFO] [home_page.py:75] 【首页】商品数量：3
2026-07-12 10:36:38 [INFO] [base_page.py:147] 【截图】商品列表
2026-07-12 10:36:40 [INFO] [conftest.py:103] 【浏览器】已关闭
2026-07-12 10:36:40 [INFO] [test_user.py:36] 【用例开始】test_register_success，手机号: 13883823800
2026-07-12 10:36:40 [INFO] [http_client.py:37] [POST] http://localhost:28019/api/v1/user/register
2026-07-12 10:36:40 [INFO] [http_client.py:39] Body: {"loginName": "13883823800", "password": "123456"}
2026-07-12 10:36:40 [INFO] [http_client.py:73] Status: 200
2026-07-12 10:36:40 [INFO] [http_client.py:77] Response: {
  "resultCode": 200,
  "message": "SUCCESS",
  "data": null
}
2026-07-12 10:36:40 [INFO] [test_user.py:59] 【用例通过】test_register_success
2026-07-12 10:36:40 [INFO] [http_client.py:37] [POST] http://localhost:28019/api/v1/user/register
2026-07-12 10:36:40 [INFO] [http_client.py:39] Body: {"loginName": "13883823800", "password": "123456"}
2026-07-12 10:36:40 [INFO] [http_client.py:73] Status: 200
2026-07-12 10:36:40 [INFO] [http_client.py:77] Response: {
  "resultCode": 500,
  "message": "用户名已存在！",
  "data": null
}
2026-07-12 10:36:40 [INFO] [http_client.py:37] [POST] http://localhost:28019/api/v1/user/register
2026-07-12 10:36:40 [INFO] [http_client.py:39] Body: {"loginName": "13883823800", "password": "123456"}
2026-07-12 10:36:40 [INFO] [http_client.py:73] Status: 200
2026-07-12 10:36:40 [INFO] [http_client.py:77] Response: {
  "resultCode": 500,
  "message": "用户名已存在！",
  "data": null
}
2026-07-12 10:36:40 [INFO] [http_client.py:37] [POST] http://localhost:28019/api/v1/user/register
2026-07-12 10:36:40 [INFO] [http_client.py:39] Body: {"loginName": "13800138001", "password": "123456"}
2026-07-12 10:36:40 [INFO] [http_client.py:73] Status: 200
2026-07-12 10:36:40 [INFO] [http_client.py:77] Response: {
  "resultCode": 500,
  "message": "用户名已存在！",
  "data": null
}
2026-07-12 10:36:40 [INFO] [http_client.py:37] [POST] http://localhost:28019/api/v1/user/login
2026-07-12 10:36:40 [INFO] [http_client.py:39] Body: {"loginName": "13800138001", "passwordMd5": "e10adc3949ba59abbe56e057f20f883e"}
2026-07-12 10:36:40 [INFO] [http_client.py:73] Status: 200
2026-07-12 10:36:40 [INFO] [http_client.py:77] Response: {
  "resultCode": 200,
  "message": "SUCCESS",
  "data": "26e75fb60cc701d951e18b4b31a181e1"
}
2026-07-12 10:36:40 [INFO] [http_client.py:37] [POST] http://localhost:28019/api/v1/user/register
2026-07-12 10:36:40 [INFO] [http_client.py:39] Body: {"loginName": "13800138001", "password": "123456"}
2026-07-12 10:36:40 [INFO] [http_client.py:73] Status: 200
2026-07-12 10:36:40 [INFO] [http_client.py:77] Response: {
  "resultCode": 500,
  "message": "用户名已存在！",
  "data": null
}
2026-07-12 10:36:40 [INFO] [http_client.py:37] [POST] http://localhost:28019/api/v1/user/login
2026-07-12 10:36:40 [INFO] [http_client.py:39] Body: {"loginName": "13800138001", "passwordMd5": "93974254b059ee3fc96b8086241c4b9d"}
2026-07-12 10:36:40 [INFO] [http_client.py:73] Status: 200
2026-07-12 10:36:40 [INFO] [http_client.py:77] Response: {
  "resultCode": 500,
  "message": "登录失败！",
  "data": null
}
